<?xml version="1.0" encoding="UTF-8"?>
<robot generator="Robot 6.0.2 (Python 3.11.2 on win32)" generated="20230509 16:20:44.676" rpa="false" schemaversion="3">
<suite id="s1" name="Cyberworkplace" source="C:\Users\markt\PythonProjecten\cyberworkspace-robotframework\cyberworkplace.robot">
<kw name="New Browser" library="Browser" type="SETUP">
<arg>browser=${BROWSER}</arg>
<arg>headless=${HEADLESS}</arg>
<tag>BrowserControl</tag>
<tag>Setter</tag>
<doc>Create a new playwright Browser with specified options.</doc>
<msg timestamp="20230509 16:20:49.939" level="INFO">{"browser": "chromium", "headless": false, "devtools": false, "handleSIGHUP": true, "handleSIGINT": true, "handleSIGTERM": true, "slowMo": 0.0, "timeout": 30000.0, "deprecated_pos_args": [], "tracesDir": "C:\\Users\\markt\\PythonProjecten\\cyberworkspace-robotframework\\browser\\traces\\c1669338-b57a-4d17-88a9-37ca9cdbcab6"}</msg>
<msg timestamp="20230509 16:20:50.733" level="INFO">Successfully created browser with options: {"browser":"chromium","headless":false,"devtools":false,"handleSIGHUP":true,"handleSIGINT":true,"handleSIGTERM":true,"slowMo":0,"timeout":30000,"deprecated_pos_args":[],"tracesDir":"C:\\Users\\markt\\PythonProjecten\\cyberworkspace-robotframework\\browser\\traces\\c1669338-b57a-4d17-88a9-37ca9cdbcab6"}</msg>
<status status="PASS" starttime="20230509 16:20:49.939" endtime="20230509 16:20:50.733"/>
</kw>
<test id="s1-t1" name="Add Two ToDos And Check Items" line="14">
<kw name="New Context" library="Browser" type="SETUP">
<arg>viewport={'width': 1920, 'height': 1080}</arg>
<tag>BrowserControl</tag>
<tag>Setter</tag>
<doc>Create a new BrowserContext with specified options.</doc>
<msg timestamp="20230509 16:20:50.733" level="INFO">{
  "acceptDownloads": true,
  "bypassCSP": false,
  "forcedColors": "none",
  "hideRfBrowser": false,
  "ignoreHTTPSErrors": false,
  "javaScriptEnabled": true,
  "offline": false,
  "reducedMotion": "no-preference",
  "viewport": {
    "width": 1920,
    "height": 1080
  },
  "deprecated_pos_args": []
}</msg>
<msg timestamp="20230509 16:20:50.764" level="INFO">Successfully created context. </msg>
<msg timestamp="20230509 16:20:50.764" level="INFO">{'acceptDownloads': True, 'bypassCSP': False, 'forcedColors': 'none', 'hideRfBrowser': False, 'ignoreHTTPSErrors': False, 'javaScriptEnabled': True, 'offline': False, 'reducedMotion': 'no-preference', 'viewport': {'width': 1920, 'height': 1080}, 'deprecated_pos_args': []}</msg>
<status status="PASS" starttime="20230509 16:20:50.733" endtime="20230509 16:20:50.764"/>
</kw>
<kw name="Given Cyberworkplace homepage is open">
<kw name="New Page" library="Browser">
<arg>https://cyberworkplace.tech/</arg>
<tag>BrowserControl</tag>
<tag>Setter</tag>
<doc>Open a new Page.</doc>
<msg timestamp="20230509 16:20:58.027" level="INFO">Successfully initialized new page object and opened url: https://cyberworkplace.tech/</msg>
<status status="PASS" starttime="20230509 16:20:50.764" endtime="20230509 16:20:58.028"/>
</kw>
<status status="PASS" starttime="20230509 16:20:50.764" endtime="20230509 16:20:58.028"/>
</kw>
<kw name="When I open the &quot;About us&quot; page">
<kw name="Click" library="Browser">
<arg>text="About us"</arg>
<tag>PageContent</tag>
<tag>Setter</tag>
<doc>Simulates mouse click on the element found by ``selector``.</doc>
<status status="PASS" starttime="20230509 16:20:58.029" endtime="20230509 16:20:58.571"/>
</kw>
<kw name="Get Title" library="Browser">
<arg>equal</arg>
<arg>About us | Cyberworkplace | Cybersecurity training</arg>
<tag>Assertion</tag>
<tag>Getter</tag>
<tag>PageContent</tag>
<doc>Returns the title of the current page.</doc>
<msg timestamp="20230509 16:20:58.621" level="INFO">Title: 'About us | Cyberworkplace | Cybersecurity training'</msg>
<status status="PASS" starttime="20230509 16:20:58.571" endtime="20230509 16:20:58.622"/>
</kw>
<status status="PASS" starttime="20230509 16:20:58.028" endtime="20230509 16:20:58.622"/>
</kw>
<kw name="Then I Search for &quot;Cyberworkplace&quot;">
<kw name="Scroll To" library="Browser">
<arg>css=#search-form-1</arg>
<tag>PageContent</tag>
<tag>Setter</tag>
<doc>Scrolls an element or the page to an absolute position based on given coordinates.</doc>
<status status="PASS" starttime="20230509 16:20:58.623" endtime="20230509 16:20:58.715"/>
</kw>
<kw name="Fill Text" library="Browser">
<arg>css=#search-form-1</arg>
<arg>Cyberworkplace</arg>
<tag>PageContent</tag>
<tag>Setter</tag>
<doc>Clears and fills the given ``txt`` into the text field found by ``selector``.</doc>
<msg timestamp="20230509 16:20:58.716" level="INFO">Fills the text 'Cyberworkplace' in the given field.</msg>
<status status="PASS" starttime="20230509 16:20:58.716" endtime="20230509 16:20:58.733"/>
</kw>
<kw name="Click" library="Browser">
<arg>css=button.search-submit</arg>
<tag>PageContent</tag>
<tag>Setter</tag>
<doc>Simulates mouse click on the element found by ``selector``.</doc>
<status status="PASS" starttime="20230509 16:20:58.733" endtime="20230509 16:20:59.253"/>
</kw>
<kw name="Get Element Count" library="Browser">
<arg>css=article</arg>
<arg>equal</arg>
<arg>5</arg>
<tag>Assertion</tag>
<tag>Getter</tag>
<tag>PageContent</tag>
<doc>Returns the count of elements found with ``selector``.</doc>
<status status="PASS" starttime="20230509 16:20:59.255" endtime="20230509 16:20:59.329"/>
</kw>
<status status="PASS" starttime="20230509 16:20:58.622" endtime="20230509 16:20:59.330"/>
</kw>
<kw name="Close Context" library="Browser" type="TEARDOWN">
<tag>BrowserControl</tag>
<tag>Setter</tag>
<doc>Closes a Context.</doc>
<msg timestamp="20230509 16:20:59.336" level="INFO">[
  {
    "type": "chromium",
    "id": "browser=b45b45d7-18d9-41b5-a23c-283a2fe7066b",
    "contexts": [
      {
        "type": "context",
        "id": "context=c95e7b93-7dd9-4681-90d4-822dd99122b5",
        "activePage": "page=3527638c-1f57-4103-b2e1-0aebe481806b",
        "pages": [
          {
            "type": "page",
            "title": "You searched for Cyberworkplace | CYBERWORKPLACE",
            "url": "https://cyberworkplace.tech/?s=Cyberworkplace",
            "id": "page=3527638c-1f57-4103-b2e1-0aebe481806b",
            "timestamp": 1683642050.952
          }
        ]
      }
    ],
    "activeContext": "context=c95e7b93-7dd9-4681-90d4-822dd99122b5",
    "activeBrowser": true
  }
]</msg>
<msg timestamp="20230509 16:20:59.336" level="INFO">Switching browser to CURRENT</msg>
<msg timestamp="20230509 16:20:59.339" level="INFO">Active context id</msg>
<msg timestamp="20230509 16:20:59.339" level="INFO">Switching browser to browser=b45b45d7-18d9-41b5-a23c-283a2fe7066b</msg>
<msg timestamp="20230509 16:20:59.341" level="INFO">Successfully changed active browser</msg>
<msg timestamp="20230509 16:20:59.341" level="INFO">Switching context to CURRENT in CURRENT</msg>
<msg timestamp="20230509 16:20:59.344" level="INFO">Returned active context id</msg>
<msg timestamp="20230509 16:20:59.345" level="INFO">Switching context to context=c95e7b93-7dd9-4681-90d4-822dd99122b5 in CURRENT</msg>
<msg timestamp="20230509 16:20:59.349" level="INFO">[
  {
    "type": "chromium",
    "id": "browser=b45b45d7-18d9-41b5-a23c-283a2fe7066b",
    "contexts": [
      {
        "type": "context",
        "id": "context=c95e7b93-7dd9-4681-90d4-822dd99122b5",
        "activePage": "page=3527638c-1f57-4103-b2e1-0aebe481806b",
        "pages": [
          {
            "type": "page",
            "title": "You searched for Cyberworkplace | CYBERWORKPLACE",
            "url": "https://cyberworkplace.tech/?s=Cyberworkplace",
            "id": "page=3527638c-1f57-4103-b2e1-0aebe481806b",
            "timestamp": 1683642050.952
          }
        ]
      }
    ],
    "activeContext": "context=c95e7b93-7dd9-4681-90d4-822dd99122b5",
    "activeBrowser": true
  }
]</msg>
<msg timestamp="20230509 16:20:59.353" level="INFO">Successfully changed active context</msg>
<msg timestamp="20230509 16:20:59.408" level="INFO">Successfully closed Context</msg>
<status status="PASS" starttime="20230509 16:20:59.330" endtime="20230509 16:20:59.408"/>
</kw>
<doc>Search for Cyberworkplace in the search field</doc>
<tag>Search Cyberworkplace</tag>
<status status="PASS" starttime="20230509 16:20:50.733" endtime="20230509 16:20:59.408"/>
</test>
<kw name="Close Browser" library="Browser" type="TEARDOWN">
<tag>BrowserControl</tag>
<tag>Setter</tag>
<doc>Closes the current browser.</doc>
<msg timestamp="20230509 16:20:59.580" level="INFO">Closed browser</msg>
<status status="PASS" starttime="20230509 16:20:59.423" endtime="20230509 16:20:59.580"/>
</kw>
<status status="PASS" starttime="20230509 16:20:44.676" endtime="20230509 16:20:59.580"/>
</suite>
<statistics>
<total>
<stat pass="1" fail="0" skip="0">All Tests</stat>
</total>
<tag>
<stat pass="1" fail="0" skip="0">Search Cyberworkplace</stat>
</tag>
<suite>
<stat pass="1" fail="0" skip="0" id="s1" name="Cyberworkplace">Cyberworkplace</stat>
</suite>
</statistics>
<errors>
</errors>
</robot>
