<?xml version="1.0" encoding="UTF-8"?>
<robot generator="Robot 6.0.2 (Python 3.11.2 on win32)" generated="20230415 14:18:14.236" rpa="false" schemaversion="3">
<suite id="s1" name="Test" source="C:\Users\markt\PythonProjecten\testcoders-robotframework\test.robot">
<kw name="New Browser" library="Browser" type="SETUP">
<arg>browser=${BROWSER}</arg>
<arg>headless=${HEADLESS}</arg>
<tag>BrowserControl</tag>
<tag>Setter</tag>
<doc>Create a new playwright Browser with specified options.</doc>
<msg timestamp="20230415 14:18:17.321" level="INFO">{"browser": "chromium", "headless": false, "devtools": false, "handleSIGHUP": true, "handleSIGINT": true, "handleSIGTERM": true, "slowMo": 0.0, "timeout": 30000.0, "deprecated_pos_args": [], "tracesDir": "C:\\Users\\markt\\PythonProjecten\\testcoders-robotframework\\browser\\traces\\fe0c73fa-2045-4c18-a137-1ef5c46e162e"}</msg>
<msg timestamp="20230415 14:18:17.990" level="INFO">Successfully created browser with options: {"browser":"chromium","headless":false,"devtools":false,"handleSIGHUP":true,"handleSIGINT":true,"handleSIGTERM":true,"slowMo":0,"timeout":30000,"deprecated_pos_args":[],"tracesDir":"C:\\Users\\markt\\PythonProjecten\\testcoders-robotframework\\browser\\traces\\fe0c73fa-2045-4c18-a137-1ef5c46e162e"}</msg>
<status status="PASS" starttime="20230415 14:18:17.321" endtime="20230415 14:18:17.990"/>
</kw>
<test id="s1-t1" name="Add Two ToDos And Check Items" line="14">
<kw name="New Context" library="Browser" type="SETUP">
<arg>viewport={'width': 1920, 'height': 1080}</arg>
<tag>BrowserControl</tag>
<tag>Setter</tag>
<doc>Create a new BrowserContext with specified options.</doc>
<msg timestamp="20230415 14:18:17.995" level="INFO">{
  "acceptDownloads": true,
  "bypassCSP": false,
  "forcedColors": "none",
  "hideRfBrowser": false,
  "ignoreHTTPSErrors": false,
  "javaScriptEnabled": true,
  "offline": false,
  "reducedMotion": "no-preference",
  "viewport": {
    "height": 1080,
    "width": 1920
  },
  "deprecated_pos_args": []
}</msg>
<msg timestamp="20230415 14:18:18.013" level="INFO">Successfully created context. </msg>
<msg timestamp="20230415 14:18:18.013" level="INFO">{'acceptDownloads': True, 'bypassCSP': False, 'forcedColors': 'none', 'hideRfBrowser': False, 'ignoreHTTPSErrors': False, 'javaScriptEnabled': True, 'offline': False, 'reducedMotion': 'no-preference', 'viewport': {'height': 1080, 'width': 1920}, 'deprecated_pos_args': []}</msg>
<status status="PASS" starttime="20230415 14:18:17.994" endtime="20230415 14:18:18.013"/>
</kw>
<kw name="Given ToDo App is open">
<kw name="New Page" library="Browser">
<arg>https://todomvc.com/examples/react/</arg>
<tag>BrowserControl</tag>
<tag>Setter</tag>
<doc>Open a new Page.</doc>
<msg timestamp="20230415 14:18:19.242" level="INFO">Successfully initialized new page object and opened url: https://todomvc.com/examples/react/</msg>
<status status="PASS" starttime="20230415 14:18:18.015" endtime="20230415 14:18:19.242"/>
</kw>
<status status="PASS" starttime="20230415 14:18:18.015" endtime="20230415 14:18:19.242"/>
</kw>
<kw name="When I Add A New ToDo &quot;Learn Robot Framework&quot;" sourcename="I Add A New ToDo &quot;${todo}&quot;">
<kw name="Fill Text" library="Browser">
<arg>.new-todo</arg>
<arg>${todo}</arg>
<tag>PageContent</tag>
<tag>Setter</tag>
<doc>Clears and fills the given ``txt`` into the text field found by ``selector``.</doc>
<msg timestamp="20230415 14:18:19.243" level="INFO">Fills the text 'Learn Robot Framework' in the given field.</msg>
<status status="PASS" starttime="20230415 14:18:19.243" endtime="20230415 14:18:19.463"/>
</kw>
<kw name="Press Keys" library="Browser">
<arg>.new-todo</arg>
<arg>Enter</arg>
<tag>PageContent</tag>
<tag>Setter</tag>
<doc>Types the given key combination into element found by ``selector``.</doc>
<status status="PASS" starttime="20230415 14:18:19.463" endtime="20230415 14:18:19.507"/>
</kw>
<status status="PASS" starttime="20230415 14:18:19.243" endtime="20230415 14:18:19.507"/>
</kw>
<kw name="And I Add A New ToDo &quot;Write Test Cases&quot;" sourcename="I Add A New ToDo &quot;${todo}&quot;">
<kw name="Fill Text" library="Browser">
<arg>.new-todo</arg>
<arg>${todo}</arg>
<tag>PageContent</tag>
<tag>Setter</tag>
<doc>Clears and fills the given ``txt`` into the text field found by ``selector``.</doc>
<msg timestamp="20230415 14:18:19.508" level="INFO">Fills the text 'Write Test Cases' in the given field.</msg>
<status status="PASS" starttime="20230415 14:18:19.508" endtime="20230415 14:18:19.511"/>
</kw>
<kw name="Press Keys" library="Browser">
<arg>.new-todo</arg>
<arg>Enter</arg>
<tag>PageContent</tag>
<tag>Setter</tag>
<doc>Types the given key combination into element found by ``selector``.</doc>
<status status="PASS" starttime="20230415 14:18:19.511" endtime="20230415 14:18:19.539"/>
</kw>
<status status="PASS" starttime="20230415 14:18:19.508" endtime="20230415 14:18:19.539"/>
</kw>
<kw name="Then Open ToDos should show &quot;2 items left&quot;" sourcename="Open ToDos should show &quot;${text}&quot;">
<kw name="Get Text" library="Browser">
<arg>span.todo-count</arg>
<arg>==</arg>
<arg>${text}</arg>
<tag>Assertion</tag>
<tag>Getter</tag>
<tag>PageContent</tag>
<doc>Returns text attribute of the element found by ``selector``.</doc>
<msg timestamp="20230415 14:18:19.568" level="INFO">Text: '2 items left'</msg>
<status status="PASS" starttime="20230415 14:18:19.540" endtime="20230415 14:18:19.569"/>
</kw>
<status status="PASS" starttime="20230415 14:18:19.540" endtime="20230415 14:18:19.569"/>
</kw>
<kw name="Close Context" library="Browser" type="TEARDOWN">
<tag>BrowserControl</tag>
<tag>Setter</tag>
<doc>Closes a Context.</doc>
<msg timestamp="20230415 14:18:19.574" level="INFO">[
  {
    "type": "chromium",
    "id": "browser=6370f1cf-aa42-4f14-b641-f63afee5ec1a",
    "contexts": [
      {
        "type": "context",
        "id": "context=70b83c40-1f71-40fe-8075-32108dceb093",
        "activePage": "page=0a20b747-bc49-4f88-96aa-9078be0fe0aa",
        "pages": [
          {
            "type": "page",
            "title": "React \u2022 TodoMVC",
            "url": "https://todomvc.com/examples/react/#/",
            "id": "page=0a20b747-bc49-4f88-96aa-9078be0fe0aa",
            "timestamp": 1681561098.251
          }
        ]
      }
    ],
    "activeContext": "context=70b83c40-1f71-40fe-8075-32108dceb093",
    "activeBrowser": true
  }
]</msg>
<msg timestamp="20230415 14:18:19.574" level="INFO">Switching browser to CURRENT</msg>
<msg timestamp="20230415 14:18:19.575" level="INFO">Active context id</msg>
<msg timestamp="20230415 14:18:19.575" level="INFO">Switching browser to browser=6370f1cf-aa42-4f14-b641-f63afee5ec1a</msg>
<msg timestamp="20230415 14:18:19.577" level="INFO">Successfully changed active browser</msg>
<msg timestamp="20230415 14:18:19.577" level="INFO">Switching context to CURRENT in CURRENT</msg>
<msg timestamp="20230415 14:18:19.578" level="INFO">Returned active context id</msg>
<msg timestamp="20230415 14:18:19.578" level="INFO">Switching context to context=70b83c40-1f71-40fe-8075-32108dceb093 in CURRENT</msg>
<msg timestamp="20230415 14:18:19.581" level="INFO">[
  {
    "type": "chromium",
    "id": "browser=6370f1cf-aa42-4f14-b641-f63afee5ec1a",
    "contexts": [
      {
        "type": "context",
        "id": "context=70b83c40-1f71-40fe-8075-32108dceb093",
        "activePage": "page=0a20b747-bc49-4f88-96aa-9078be0fe0aa",
        "pages": [
          {
            "type": "page",
            "title": "React \u2022 TodoMVC",
            "url": "https://todomvc.com/examples/react/#/",
            "id": "page=0a20b747-bc49-4f88-96aa-9078be0fe0aa",
            "timestamp": 1681561098.251
          }
        ]
      }
    ],
    "activeContext": "context=70b83c40-1f71-40fe-8075-32108dceb093",
    "activeBrowser": true
  }
]</msg>
<msg timestamp="20230415 14:18:19.587" level="INFO">Successfully changed active context</msg>
<msg timestamp="20230415 14:18:19.628" level="INFO">Successfully closed Context</msg>
<status status="PASS" starttime="20230415 14:18:19.569" endtime="20230415 14:18:19.629"/>
</kw>
<doc>Checks if ToDos can be added and ToDo count increases</doc>
<tag>Add ToDo</tag>
<status status="PASS" starttime="20230415 14:18:17.990" endtime="20230415 14:18:19.629"/>
</test>
<test id="s1-t2" name="Add Two ToDos And Check Wrong Number Of Items" line="22">
<kw name="New Context" library="Browser" type="SETUP">
<arg>viewport={'width': 1920, 'height': 1080}</arg>
<tag>BrowserControl</tag>
<tag>Setter</tag>
<doc>Create a new BrowserContext with specified options.</doc>
<msg timestamp="20230415 14:18:19.641" level="INFO">{
  "acceptDownloads": true,
  "bypassCSP": false,
  "forcedColors": "none",
  "hideRfBrowser": false,
  "ignoreHTTPSErrors": false,
  "javaScriptEnabled": true,
  "offline": false,
  "reducedMotion": "no-preference",
  "viewport": {
    "height": 1080,
    "width": 1920
  },
  "deprecated_pos_args": []
}</msg>
<msg timestamp="20230415 14:18:19.649" level="INFO">Successfully created context. </msg>
<msg timestamp="20230415 14:18:19.649" level="INFO">{'acceptDownloads': True, 'bypassCSP': False, 'forcedColors': 'none', 'hideRfBrowser': False, 'ignoreHTTPSErrors': False, 'javaScriptEnabled': True, 'offline': False, 'reducedMotion': 'no-preference', 'viewport': {'height': 1080, 'width': 1920}, 'deprecated_pos_args': []}</msg>
<status status="PASS" starttime="20230415 14:18:19.640" endtime="20230415 14:18:19.649"/>
</kw>
<kw name="Given ToDo App is open">
<kw name="New Page" library="Browser">
<arg>https://todomvc.com/examples/react/</arg>
<tag>BrowserControl</tag>
<tag>Setter</tag>
<doc>Open a new Page.</doc>
<msg timestamp="20230415 14:18:20.586" level="INFO">Successfully initialized new page object and opened url: https://todomvc.com/examples/react/</msg>
<status status="PASS" starttime="20230415 14:18:19.649" endtime="20230415 14:18:20.586"/>
</kw>
<status status="PASS" starttime="20230415 14:18:19.649" endtime="20230415 14:18:20.586"/>
</kw>
<kw name="When I Add A New ToDo &quot;Learn Robot Framework&quot;" sourcename="I Add A New ToDo &quot;${todo}&quot;">
<kw name="Fill Text" library="Browser">
<arg>.new-todo</arg>
<arg>${todo}</arg>
<tag>PageContent</tag>
<tag>Setter</tag>
<doc>Clears and fills the given ``txt`` into the text field found by ``selector``.</doc>
<msg timestamp="20230415 14:18:20.587" level="INFO">Fills the text 'Learn Robot Framework' in the given field.</msg>
<status status="PASS" starttime="20230415 14:18:20.587" endtime="20230415 14:18:20.714"/>
</kw>
<kw name="Press Keys" library="Browser">
<arg>.new-todo</arg>
<arg>Enter</arg>
<tag>PageContent</tag>
<tag>Setter</tag>
<doc>Types the given key combination into element found by ``selector``.</doc>
<status status="PASS" starttime="20230415 14:18:20.714" endtime="20230415 14:18:20.744"/>
</kw>
<status status="PASS" starttime="20230415 14:18:20.587" endtime="20230415 14:18:20.744"/>
</kw>
<kw name="And I Add A New ToDo &quot;Write Test Cases&quot;" sourcename="I Add A New ToDo &quot;${todo}&quot;">
<kw name="Fill Text" library="Browser">
<arg>.new-todo</arg>
<arg>${todo}</arg>
<tag>PageContent</tag>
<tag>Setter</tag>
<doc>Clears and fills the given ``txt`` into the text field found by ``selector``.</doc>
<msg timestamp="20230415 14:18:20.744" level="INFO">Fills the text 'Write Test Cases' in the given field.</msg>
<status status="PASS" starttime="20230415 14:18:20.744" endtime="20230415 14:18:20.762"/>
</kw>
<kw name="Press Keys" library="Browser">
<arg>.new-todo</arg>
<arg>Enter</arg>
<tag>PageContent</tag>
<tag>Setter</tag>
<doc>Types the given key combination into element found by ``selector``.</doc>
<status status="PASS" starttime="20230415 14:18:20.762" endtime="20230415 14:18:20.776"/>
</kw>
<status status="PASS" starttime="20230415 14:18:20.744" endtime="20230415 14:18:20.777"/>
</kw>
<kw name="Then Open ToDos should show &quot;1 items left&quot;" sourcename="Open ToDos should show &quot;${text}&quot;">
<kw name="Get Text" library="Browser">
<arg>span.todo-count</arg>
<arg>==</arg>
<arg>${text}</arg>
<tag>Assertion</tag>
<tag>Getter</tag>
<tag>PageContent</tag>
<doc>Returns text attribute of the element found by ``selector``.</doc>
<msg timestamp="20230415 14:18:21.820" level="INFO">Text: '2 items left'</msg>
<msg timestamp="20230415 14:18:22.046" level="INFO" html="true">&lt;/td&gt;&lt;/tr&gt;&lt;tr&gt;&lt;td colspan="3"&gt;&lt;a href="browser/screenshot/fail-screenshot-1.png" target="_blank"&gt;&lt;img src="browser/screenshot/fail-screenshot-1.png" width="800px"/&gt;&lt;/a&gt;</msg>
<msg timestamp="20230415 14:18:22.046" level="FAIL">Text '2 items left' (str) should be '1 items left' (str)</msg>
<status status="FAIL" starttime="20230415 14:18:20.778" endtime="20230415 14:18:22.051"/>
</kw>
<status status="FAIL" starttime="20230415 14:18:20.777" endtime="20230415 14:18:22.051"/>
</kw>
<kw name="Close Context" library="Browser" type="TEARDOWN">
<tag>BrowserControl</tag>
<tag>Setter</tag>
<doc>Closes a Context.</doc>
<msg timestamp="20230415 14:18:22.056" level="INFO">[
  {
    "type": "chromium",
    "id": "browser=6370f1cf-aa42-4f14-b641-f63afee5ec1a",
    "contexts": [
      {
        "type": "context",
        "id": "context=21cafcc9-c06c-4eac-9acf-2aeacd018791",
        "activePage": "page=deb38cf9-f65d-4899-a9cf-41645806fdd7",
        "pages": [
          {
            "type": "page",
            "title": "React \u2022 TodoMVC",
            "url": "https://todomvc.com/examples/react/#/",
            "id": "page=deb38cf9-f65d-4899-a9cf-41645806fdd7",
            "timestamp": 1681561099.796
          }
        ]
      }
    ],
    "activeContext": "context=21cafcc9-c06c-4eac-9acf-2aeacd018791",
    "activeBrowser": true
  }
]</msg>
<msg timestamp="20230415 14:18:22.056" level="INFO">Switching browser to CURRENT</msg>
<msg timestamp="20230415 14:18:22.057" level="INFO">Active context id</msg>
<msg timestamp="20230415 14:18:22.057" level="INFO">Switching browser to browser=6370f1cf-aa42-4f14-b641-f63afee5ec1a</msg>
<msg timestamp="20230415 14:18:22.058" level="INFO">Successfully changed active browser</msg>
<msg timestamp="20230415 14:18:22.058" level="INFO">Switching context to CURRENT in CURRENT</msg>
<msg timestamp="20230415 14:18:22.059" level="INFO">Returned active context id</msg>
<msg timestamp="20230415 14:18:22.059" level="INFO">Switching context to context=21cafcc9-c06c-4eac-9acf-2aeacd018791 in CURRENT</msg>
<msg timestamp="20230415 14:18:22.062" level="INFO">[
  {
    "type": "chromium",
    "id": "browser=6370f1cf-aa42-4f14-b641-f63afee5ec1a",
    "contexts": [
      {
        "type": "context",
        "id": "context=21cafcc9-c06c-4eac-9acf-2aeacd018791",
        "activePage": "page=deb38cf9-f65d-4899-a9cf-41645806fdd7",
        "pages": [
          {
            "type": "page",
            "title": "React \u2022 TodoMVC",
            "url": "https://todomvc.com/examples/react/#/",
            "id": "page=deb38cf9-f65d-4899-a9cf-41645806fdd7",
            "timestamp": 1681561099.796
          }
        ]
      }
    ],
    "activeContext": "context=21cafcc9-c06c-4eac-9acf-2aeacd018791",
    "activeBrowser": true
  }
]</msg>
<msg timestamp="20230415 14:18:22.069" level="INFO">Successfully changed active context</msg>
<msg timestamp="20230415 14:18:22.106" level="INFO">Successfully closed Context</msg>
<status status="PASS" starttime="20230415 14:18:22.052" endtime="20230415 14:18:22.106"/>
</kw>
<doc>Checks if ToDos can be added and ToDo count increases</doc>
<tag>Add ToDo</tag>
<status status="FAIL" starttime="20230415 14:18:19.637" endtime="20230415 14:18:22.107">Text '2 items left' (str) should be '1 items left' (str)</status>
</test>
<test id="s1-t3" name="Add ToDo And Mark Same ToDo" line="30">
<kw name="New Context" library="Browser" type="SETUP">
<arg>viewport={'width': 1920, 'height': 1080}</arg>
<tag>BrowserControl</tag>
<tag>Setter</tag>
<doc>Create a new BrowserContext with specified options.</doc>
<msg timestamp="20230415 14:18:22.120" level="INFO">{
  "acceptDownloads": true,
  "bypassCSP": false,
  "forcedColors": "none",
  "hideRfBrowser": false,
  "ignoreHTTPSErrors": false,
  "javaScriptEnabled": true,
  "offline": false,
  "reducedMotion": "no-preference",
  "viewport": {
    "height": 1080,
    "width": 1920
  },
  "deprecated_pos_args": []
}</msg>
<msg timestamp="20230415 14:18:22.131" level="INFO">Successfully created context. </msg>
<msg timestamp="20230415 14:18:22.132" level="INFO">{'acceptDownloads': True, 'bypassCSP': False, 'forcedColors': 'none', 'hideRfBrowser': False, 'ignoreHTTPSErrors': False, 'javaScriptEnabled': True, 'offline': False, 'reducedMotion': 'no-preference', 'viewport': {'height': 1080, 'width': 1920}, 'deprecated_pos_args': []}</msg>
<status status="PASS" starttime="20230415 14:18:22.118" endtime="20230415 14:18:22.132"/>
</kw>
<kw name="Given ToDo App is open">
<kw name="New Page" library="Browser">
<arg>https://todomvc.com/examples/react/</arg>
<tag>BrowserControl</tag>
<tag>Setter</tag>
<doc>Open a new Page.</doc>
<msg timestamp="20230415 14:18:23.187" level="INFO">Successfully initialized new page object and opened url: https://todomvc.com/examples/react/</msg>
<status status="PASS" starttime="20230415 14:18:22.133" endtime="20230415 14:18:23.187"/>
</kw>
<status status="PASS" starttime="20230415 14:18:22.132" endtime="20230415 14:18:23.187"/>
</kw>
<kw name="When I Add A New ToDo &quot;Learn Robot Framework&quot;" sourcename="I Add A New ToDo &quot;${todo}&quot;">
<kw name="Fill Text" library="Browser">
<arg>.new-todo</arg>
<arg>${todo}</arg>
<tag>PageContent</tag>
<tag>Setter</tag>
<doc>Clears and fills the given ``txt`` into the text field found by ``selector``.</doc>
<msg timestamp="20230415 14:18:23.188" level="INFO">Fills the text 'Learn Robot Framework' in the given field.</msg>
<status status="PASS" starttime="20230415 14:18:23.188" endtime="20230415 14:18:23.291"/>
</kw>
<kw name="Press Keys" library="Browser">
<arg>.new-todo</arg>
<arg>Enter</arg>
<tag>PageContent</tag>
<tag>Setter</tag>
<doc>Types the given key combination into element found by ``selector``.</doc>
<status status="PASS" starttime="20230415 14:18:23.292" endtime="20230415 14:18:23.323"/>
</kw>
<status status="PASS" starttime="20230415 14:18:23.188" endtime="20230415 14:18:23.323"/>
</kw>
<kw name="And I Mark ToDo &quot;Learn Robot Framework&quot;" sourcename="I Mark ToDo &quot;${todo}&quot;">
<kw name="Click" library="Browser">
<arg>"${todo}" &gt;&gt; .. &gt;&gt; input.toggle</arg>
<tag>PageContent</tag>
<tag>Setter</tag>
<doc>Simulates mouse click on the element found by ``selector``.</doc>
<status status="PASS" starttime="20230415 14:18:23.324" endtime="20230415 14:18:23.378"/>
</kw>
<status status="PASS" starttime="20230415 14:18:23.324" endtime="20230415 14:18:23.378"/>
</kw>
<kw name="Then Open ToDos should show &quot;0 items left&quot;" sourcename="Open ToDos should show &quot;${text}&quot;">
<kw name="Get Text" library="Browser">
<arg>span.todo-count</arg>
<arg>==</arg>
<arg>${text}</arg>
<tag>Assertion</tag>
<tag>Getter</tag>
<tag>PageContent</tag>
<doc>Returns text attribute of the element found by ``selector``.</doc>
<msg timestamp="20230415 14:18:23.400" level="INFO">Text: '0 items left'</msg>
<status status="PASS" starttime="20230415 14:18:23.379" endtime="20230415 14:18:23.400"/>
</kw>
<status status="PASS" starttime="20230415 14:18:23.379" endtime="20230415 14:18:23.400"/>
</kw>
<kw name="Close Context" library="Browser" type="TEARDOWN">
<tag>BrowserControl</tag>
<tag>Setter</tag>
<doc>Closes a Context.</doc>
<msg timestamp="20230415 14:18:23.403" level="INFO">[
  {
    "type": "chromium",
    "id": "browser=6370f1cf-aa42-4f14-b641-f63afee5ec1a",
    "contexts": [
      {
        "type": "context",
        "id": "context=888577f6-6955-461b-812e-5ed67baffde3",
        "activePage": "page=7b878f3d-1616-4845-ae9f-0e9e5d6160a6",
        "pages": [
          {
            "type": "page",
            "title": "React \u2022 TodoMVC",
            "url": "https://todomvc.com/examples/react/#/",
            "id": "page=7b878f3d-1616-4845-ae9f-0e9e5d6160a6",
            "timestamp": 1681561102.306
          }
        ]
      }
    ],
    "activeContext": "context=888577f6-6955-461b-812e-5ed67baffde3",
    "activeBrowser": true
  }
]</msg>
<msg timestamp="20230415 14:18:23.403" level="INFO">Switching browser to CURRENT</msg>
<msg timestamp="20230415 14:18:23.404" level="INFO">Active context id</msg>
<msg timestamp="20230415 14:18:23.404" level="INFO">Switching browser to browser=6370f1cf-aa42-4f14-b641-f63afee5ec1a</msg>
<msg timestamp="20230415 14:18:23.405" level="INFO">Successfully changed active browser</msg>
<msg timestamp="20230415 14:18:23.406" level="INFO">Switching context to CURRENT in CURRENT</msg>
<msg timestamp="20230415 14:18:23.406" level="INFO">Returned active context id</msg>
<msg timestamp="20230415 14:18:23.406" level="INFO">Switching context to context=888577f6-6955-461b-812e-5ed67baffde3 in CURRENT</msg>
<msg timestamp="20230415 14:18:23.409" level="INFO">[
  {
    "type": "chromium",
    "id": "browser=6370f1cf-aa42-4f14-b641-f63afee5ec1a",
    "contexts": [
      {
        "type": "context",
        "id": "context=888577f6-6955-461b-812e-5ed67baffde3",
        "activePage": "page=7b878f3d-1616-4845-ae9f-0e9e5d6160a6",
        "pages": [
          {
            "type": "page",
            "title": "React \u2022 TodoMVC",
            "url": "https://todomvc.com/examples/react/#/",
            "id": "page=7b878f3d-1616-4845-ae9f-0e9e5d6160a6",
            "timestamp": 1681561102.306
          }
        ]
      }
    ],
    "activeContext": "context=888577f6-6955-461b-812e-5ed67baffde3",
    "activeBrowser": true
  }
]</msg>
<msg timestamp="20230415 14:18:23.413" level="INFO">Successfully changed active context</msg>
<msg timestamp="20230415 14:18:23.475" level="INFO">Successfully closed Context</msg>
<status status="PASS" starttime="20230415 14:18:23.401" endtime="20230415 14:18:23.476"/>
</kw>
<tag>Mark ToDo</tag>
<status status="PASS" starttime="20230415 14:18:22.113" endtime="20230415 14:18:23.476"/>
</test>
<test id="s1-t4" name="Check If Marked ToDos are removed" line="37">
<kw name="New Context" library="Browser" type="SETUP">
<arg>viewport={'width': 1920, 'height': 1080}</arg>
<tag>BrowserControl</tag>
<tag>Setter</tag>
<doc>Create a new BrowserContext with specified options.</doc>
<msg timestamp="20230415 14:18:23.485" level="INFO">{
  "acceptDownloads": true,
  "bypassCSP": false,
  "forcedColors": "none",
  "hideRfBrowser": false,
  "ignoreHTTPSErrors": false,
  "javaScriptEnabled": true,
  "offline": false,
  "reducedMotion": "no-preference",
  "viewport": {
    "height": 1080,
    "width": 1920
  },
  "deprecated_pos_args": []
}</msg>
<msg timestamp="20230415 14:18:23.495" level="INFO">Successfully created context. </msg>
<msg timestamp="20230415 14:18:23.495" level="INFO">{'acceptDownloads': True, 'bypassCSP': False, 'forcedColors': 'none', 'hideRfBrowser': False, 'ignoreHTTPSErrors': False, 'javaScriptEnabled': True, 'offline': False, 'reducedMotion': 'no-preference', 'viewport': {'height': 1080, 'width': 1920}, 'deprecated_pos_args': []}</msg>
<status status="PASS" starttime="20230415 14:18:23.485" endtime="20230415 14:18:23.495"/>
</kw>
<kw name="Given ToDo App is open">
<kw name="New Page" library="Browser">
<arg>https://todomvc.com/examples/react/</arg>
<tag>BrowserControl</tag>
<tag>Setter</tag>
<doc>Open a new Page.</doc>
<msg timestamp="20230415 14:18:24.367" level="INFO">Successfully initialized new page object and opened url: https://todomvc.com/examples/react/</msg>
<status status="PASS" starttime="20230415 14:18:23.496" endtime="20230415 14:18:24.367"/>
</kw>
<status status="PASS" starttime="20230415 14:18:23.496" endtime="20230415 14:18:24.367"/>
</kw>
<kw name="And I Added Two ToDos">
<kw name="I Add A New ToDo &quot;Learn Robot Framework&quot;" sourcename="I Add A New ToDo &quot;${todo}&quot;">
<kw name="Fill Text" library="Browser">
<arg>.new-todo</arg>
<arg>${todo}</arg>
<tag>PageContent</tag>
<tag>Setter</tag>
<doc>Clears and fills the given ``txt`` into the text field found by ``selector``.</doc>
<msg timestamp="20230415 14:18:24.369" level="INFO">Fills the text 'Learn Robot Framework' in the given field.</msg>
<status status="PASS" starttime="20230415 14:18:24.368" endtime="20230415 14:18:24.469"/>
</kw>
<kw name="Press Keys" library="Browser">
<arg>.new-todo</arg>
<arg>Enter</arg>
<tag>PageContent</tag>
<tag>Setter</tag>
<doc>Types the given key combination into element found by ``selector``.</doc>
<status status="PASS" starttime="20230415 14:18:24.470" endtime="20230415 14:18:24.502"/>
</kw>
<status status="PASS" starttime="20230415 14:18:24.368" endtime="20230415 14:18:24.502"/>
</kw>
<kw name="I Add A New ToDo &quot;Write Test Cases&quot;" sourcename="I Add A New ToDo &quot;${todo}&quot;">
<kw name="Fill Text" library="Browser">
<arg>.new-todo</arg>
<arg>${todo}</arg>
<tag>PageContent</tag>
<tag>Setter</tag>
<doc>Clears and fills the given ``txt`` into the text field found by ``selector``.</doc>
<msg timestamp="20230415 14:18:24.502" level="INFO">Fills the text 'Write Test Cases' in the given field.</msg>
<status status="PASS" starttime="20230415 14:18:24.502" endtime="20230415 14:18:24.518"/>
</kw>
<kw name="Press Keys" library="Browser">
<arg>.new-todo</arg>
<arg>Enter</arg>
<tag>PageContent</tag>
<tag>Setter</tag>
<doc>Types the given key combination into element found by ``selector``.</doc>
<status status="PASS" starttime="20230415 14:18:24.518" endtime="20230415 14:18:24.518"/>
</kw>
<status status="PASS" starttime="20230415 14:18:24.502" endtime="20230415 14:18:24.518"/>
</kw>
<status status="PASS" starttime="20230415 14:18:24.368" endtime="20230415 14:18:24.518"/>
</kw>
<kw name="When I Mark One ToDo">
<kw name="Click" library="Browser">
<arg>li:first-child &gt;&gt; input.toggle</arg>
<tag>PageContent</tag>
<tag>Setter</tag>
<doc>Simulates mouse click on the element found by ``selector``.</doc>
<status status="PASS" starttime="20230415 14:18:24.531" endtime="20230415 14:18:24.584"/>
</kw>
<status status="PASS" starttime="20230415 14:18:24.518" endtime="20230415 14:18:24.584"/>
</kw>
<kw name="Then Open ToDos should show &quot;1 item left&quot;" sourcename="Open ToDos should show &quot;${text}&quot;">
<kw name="Get Text" library="Browser">
<arg>span.todo-count</arg>
<arg>==</arg>
<arg>${text}</arg>
<tag>Assertion</tag>
<tag>Getter</tag>
<tag>PageContent</tag>
<doc>Returns text attribute of the element found by ``selector``.</doc>
<msg timestamp="20230415 14:18:24.606" level="INFO">Text: '1 item left'</msg>
<status status="PASS" starttime="20230415 14:18:24.584" endtime="20230415 14:18:24.606"/>
</kw>
<status status="PASS" starttime="20230415 14:18:24.584" endtime="20230415 14:18:24.606"/>
</kw>
<kw name="Close Context" library="Browser" type="TEARDOWN">
<tag>BrowserControl</tag>
<tag>Setter</tag>
<doc>Closes a Context.</doc>
<msg timestamp="20230415 14:18:24.609" level="INFO">[
  {
    "type": "chromium",
    "id": "browser=6370f1cf-aa42-4f14-b641-f63afee5ec1a",
    "contexts": [
      {
        "type": "context",
        "id": "context=d2f3b7db-b4c8-4196-ae27-a377f21a866d",
        "activePage": "page=01b72099-a420-4fa7-9b50-1ff496de2a25",
        "pages": [
          {
            "type": "page",
            "title": "React \u2022 TodoMVC",
            "url": "https://todomvc.com/examples/react/#/",
            "id": "page=01b72099-a420-4fa7-9b50-1ff496de2a25",
            "timestamp": 1681561103.631
          }
        ]
      }
    ],
    "activeContext": "context=d2f3b7db-b4c8-4196-ae27-a377f21a866d",
    "activeBrowser": true
  }
]</msg>
<msg timestamp="20230415 14:18:24.609" level="INFO">Switching browser to CURRENT</msg>
<msg timestamp="20230415 14:18:24.611" level="INFO">Active context id</msg>
<msg timestamp="20230415 14:18:24.611" level="INFO">Switching browser to browser=6370f1cf-aa42-4f14-b641-f63afee5ec1a</msg>
<msg timestamp="20230415 14:18:24.612" level="INFO">Successfully changed active browser</msg>
<msg timestamp="20230415 14:18:24.612" level="INFO">Switching context to CURRENT in CURRENT</msg>
<msg timestamp="20230415 14:18:24.612" level="INFO">Returned active context id</msg>
<msg timestamp="20230415 14:18:24.612" level="INFO">Switching context to context=d2f3b7db-b4c8-4196-ae27-a377f21a866d in CURRENT</msg>
<msg timestamp="20230415 14:18:24.616" level="INFO">[
  {
    "type": "chromium",
    "id": "browser=6370f1cf-aa42-4f14-b641-f63afee5ec1a",
    "contexts": [
      {
        "type": "context",
        "id": "context=d2f3b7db-b4c8-4196-ae27-a377f21a866d",
        "activePage": "page=01b72099-a420-4fa7-9b50-1ff496de2a25",
        "pages": [
          {
            "type": "page",
            "title": "React \u2022 TodoMVC",
            "url": "https://todomvc.com/examples/react/#/",
            "id": "page=01b72099-a420-4fa7-9b50-1ff496de2a25",
            "timestamp": 1681561103.631
          }
        ]
      }
    ],
    "activeContext": "context=d2f3b7db-b4c8-4196-ae27-a377f21a866d",
    "activeBrowser": true
  }
]</msg>
<msg timestamp="20230415 14:18:24.620" level="INFO">Successfully changed active context</msg>
<msg timestamp="20230415 14:18:24.654" level="INFO">Successfully closed Context</msg>
<status status="PASS" starttime="20230415 14:18:24.607" endtime="20230415 14:18:24.654"/>
</kw>
<status status="PASS" starttime="20230415 14:18:23.482" endtime="20230415 14:18:24.655"/>
</test>
<test id="s1-t5" name="Split ToDos" line="43">
<kw name="New Context" library="Browser" type="SETUP">
<arg>viewport={'width': 1920, 'height': 1080}</arg>
<tag>BrowserControl</tag>
<tag>Setter</tag>
<doc>Create a new BrowserContext with specified options.</doc>
<msg timestamp="20230415 14:18:24.666" level="INFO">{
  "acceptDownloads": true,
  "bypassCSP": false,
  "forcedColors": "none",
  "hideRfBrowser": false,
  "ignoreHTTPSErrors": false,
  "javaScriptEnabled": true,
  "offline": false,
  "reducedMotion": "no-preference",
  "viewport": {
    "height": 1080,
    "width": 1920
  },
  "deprecated_pos_args": []
}</msg>
<msg timestamp="20230415 14:18:24.678" level="INFO">Successfully created context. </msg>
<msg timestamp="20230415 14:18:24.678" level="INFO">{'acceptDownloads': True, 'bypassCSP': False, 'forcedColors': 'none', 'hideRfBrowser': False, 'ignoreHTTPSErrors': False, 'javaScriptEnabled': True, 'offline': False, 'reducedMotion': 'no-preference', 'viewport': {'height': 1080, 'width': 1920}, 'deprecated_pos_args': []}</msg>
<status status="PASS" starttime="20230415 14:18:24.665" endtime="20230415 14:18:24.678"/>
</kw>
<kw name="Given ToDo App is open">
<kw name="New Page" library="Browser">
<arg>https://todomvc.com/examples/react/</arg>
<tag>BrowserControl</tag>
<tag>Setter</tag>
<doc>Open a new Page.</doc>
<msg timestamp="20230415 14:18:25.617" level="INFO">Successfully initialized new page object and opened url: https://todomvc.com/examples/react/</msg>
<status status="PASS" starttime="20230415 14:18:24.679" endtime="20230415 14:18:25.617"/>
</kw>
<status status="PASS" starttime="20230415 14:18:24.678" endtime="20230415 14:18:25.617"/>
</kw>
<kw name="When I Add New ToDos &quot;Learn Robot Framework&amp;Write Test Cases&amp;Sleep&quot;" sourcename="I Add New ToDos &quot;${todo}&quot;">
<if>
<branch type="IF" condition="&quot;&amp;&quot; in $todo">
<kw name="Split String" library="String">
<var>@{todos}</var>
<arg>${todo}</arg>
<arg>separator=&amp;</arg>
<doc>Splits the ``string`` using ``separator`` as a delimiter string.</doc>
<msg timestamp="20230415 14:18:25.621" level="INFO">@{todos} = [ Learn Robot Framework | Write Test Cases | Sleep ]</msg>
<status status="PASS" starttime="20230415 14:18:25.621" endtime="20230415 14:18:25.621"/>
</kw>
<for flavor="IN">
<var>${item}</var>
<value>@{todos}</value>
<iter>
<var name="${item}">Learn Robot Framework</var>
<kw name="Fill Text" library="Browser">
<arg>.new-todo</arg>
<arg>${item}</arg>
<tag>PageContent</tag>
<tag>Setter</tag>
<doc>Clears and fills the given ``txt`` into the text field found by ``selector``.</doc>
<msg timestamp="20230415 14:18:25.622" level="INFO">Fills the text 'Learn Robot Framework' in the given field.</msg>
<status status="PASS" starttime="20230415 14:18:25.621" endtime="20230415 14:18:25.711"/>
</kw>
<kw name="Press Keys" library="Browser">
<arg>.new-todo</arg>
<arg>Enter</arg>
<tag>PageContent</tag>
<tag>Setter</tag>
<doc>Types the given key combination into element found by ``selector``.</doc>
<status status="PASS" starttime="20230415 14:18:25.711" endtime="20230415 14:18:25.742"/>
</kw>
<status status="PASS" starttime="20230415 14:18:25.621" endtime="20230415 14:18:25.742"/>
</iter>
<iter>
<var name="${item}">Write Test Cases</var>
<kw name="Fill Text" library="Browser">
<arg>.new-todo</arg>
<arg>${item}</arg>
<tag>PageContent</tag>
<tag>Setter</tag>
<doc>Clears and fills the given ``txt`` into the text field found by ``selector``.</doc>
<msg timestamp="20230415 14:18:25.742" level="INFO">Fills the text 'Write Test Cases' in the given field.</msg>
<status status="PASS" starttime="20230415 14:18:25.742" endtime="20230415 14:18:25.757"/>
</kw>
<kw name="Press Keys" library="Browser">
<arg>.new-todo</arg>
<arg>Enter</arg>
<tag>PageContent</tag>
<tag>Setter</tag>
<doc>Types the given key combination into element found by ``selector``.</doc>
<status status="PASS" starttime="20230415 14:18:25.757" endtime="20230415 14:18:25.769"/>
</kw>
<status status="PASS" starttime="20230415 14:18:25.742" endtime="20230415 14:18:25.769"/>
</iter>
<iter>
<var name="${item}">Sleep</var>
<kw name="Fill Text" library="Browser">
<arg>.new-todo</arg>
<arg>${item}</arg>
<tag>PageContent</tag>
<tag>Setter</tag>
<doc>Clears and fills the given ``txt`` into the text field found by ``selector``.</doc>
<msg timestamp="20230415 14:18:25.769" level="INFO">Fills the text 'Sleep' in the given field.</msg>
<status status="PASS" starttime="20230415 14:18:25.769" endtime="20230415 14:18:25.784"/>
</kw>
<kw name="Press Keys" library="Browser">
<arg>.new-todo</arg>
<arg>Enter</arg>
<tag>PageContent</tag>
<tag>Setter</tag>
<doc>Types the given key combination into element found by ``selector``.</doc>
<status status="PASS" starttime="20230415 14:18:25.784" endtime="20230415 14:18:25.784"/>
</kw>
<status status="PASS" starttime="20230415 14:18:25.769" endtime="20230415 14:18:25.784"/>
</iter>
<status status="PASS" starttime="20230415 14:18:25.621" endtime="20230415 14:18:25.784"/>
</for>
<status status="PASS" starttime="20230415 14:18:25.618" endtime="20230415 14:18:25.784"/>
</branch>
<branch type="ELSE">
<kw name="Fill Text" library="Browser">
<arg>.new-todo</arg>
<arg>${todo}</arg>
<tag>PageContent</tag>
<tag>Setter</tag>
<doc>Clears and fills the given ``txt`` into the text field found by ``selector``.</doc>
<status status="NOT RUN" starttime="20230415 14:18:25.784" endtime="20230415 14:18:25.784"/>
</kw>
<kw name="Press Keys" library="Browser">
<arg>.new-todo</arg>
<arg>Enter</arg>
<tag>PageContent</tag>
<tag>Setter</tag>
<doc>Types the given key combination into element found by ``selector``.</doc>
<status status="NOT RUN" starttime="20230415 14:18:25.784" endtime="20230415 14:18:25.784"/>
</kw>
<status status="NOT RUN" starttime="20230415 14:18:25.784" endtime="20230415 14:18:25.784"/>
</branch>
<status status="PASS" starttime="20230415 14:18:25.618" endtime="20230415 14:18:25.784"/>
</if>
<status status="PASS" starttime="20230415 14:18:25.618" endtime="20230415 14:18:25.784"/>
</kw>
<kw name="Then Open ToDos should show &quot;3 items left&quot;" sourcename="Open ToDos should show &quot;${text}&quot;">
<kw name="Get Text" library="Browser">
<arg>span.todo-count</arg>
<arg>==</arg>
<arg>${text}</arg>
<tag>Assertion</tag>
<tag>Getter</tag>
<tag>PageContent</tag>
<doc>Returns text attribute of the element found by ``selector``.</doc>
<msg timestamp="20230415 14:18:25.817" level="INFO">Text: '3 items left'</msg>
<status status="PASS" starttime="20230415 14:18:25.784" endtime="20230415 14:18:25.817"/>
</kw>
<status status="PASS" starttime="20230415 14:18:25.784" endtime="20230415 14:18:25.817"/>
</kw>
<kw name="Close Context" library="Browser" type="TEARDOWN">
<tag>BrowserControl</tag>
<tag>Setter</tag>
<doc>Closes a Context.</doc>
<msg timestamp="20230415 14:18:25.821" level="INFO">[
  {
    "type": "chromium",
    "id": "browser=6370f1cf-aa42-4f14-b641-f63afee5ec1a",
    "contexts": [
      {
        "type": "context",
        "id": "context=630cda0d-34bf-4de7-97fd-102a0adceb37",
        "activePage": "page=88286093-3bec-479d-9c02-5607ee75e017",
        "pages": [
          {
            "type": "page",
            "title": "React \u2022 TodoMVC",
            "url": "https://todomvc.com/examples/react/#/",
            "id": "page=88286093-3bec-479d-9c02-5607ee75e017",
            "timestamp": 1681561104.828
          }
        ]
      }
    ],
    "activeContext": "context=630cda0d-34bf-4de7-97fd-102a0adceb37",
    "activeBrowser": true
  }
]</msg>
<msg timestamp="20230415 14:18:25.821" level="INFO">Switching browser to CURRENT</msg>
<msg timestamp="20230415 14:18:25.822" level="INFO">Active context id</msg>
<msg timestamp="20230415 14:18:25.822" level="INFO">Switching browser to browser=6370f1cf-aa42-4f14-b641-f63afee5ec1a</msg>
<msg timestamp="20230415 14:18:25.823" level="INFO">Successfully changed active browser</msg>
<msg timestamp="20230415 14:18:25.823" level="INFO">Switching context to CURRENT in CURRENT</msg>
<msg timestamp="20230415 14:18:25.824" level="INFO">Returned active context id</msg>
<msg timestamp="20230415 14:18:25.824" level="INFO">Switching context to context=630cda0d-34bf-4de7-97fd-102a0adceb37 in CURRENT</msg>
<msg timestamp="20230415 14:18:25.827" level="INFO">[
  {
    "type": "chromium",
    "id": "browser=6370f1cf-aa42-4f14-b641-f63afee5ec1a",
    "contexts": [
      {
        "type": "context",
        "id": "context=630cda0d-34bf-4de7-97fd-102a0adceb37",
        "activePage": "page=88286093-3bec-479d-9c02-5607ee75e017",
        "pages": [
          {
            "type": "page",
            "title": "React \u2022 TodoMVC",
            "url": "https://todomvc.com/examples/react/#/",
            "id": "page=88286093-3bec-479d-9c02-5607ee75e017",
            "timestamp": 1681561104.828
          }
        ]
      }
    ],
    "activeContext": "context=630cda0d-34bf-4de7-97fd-102a0adceb37",
    "activeBrowser": true
  }
]</msg>
<msg timestamp="20230415 14:18:25.833" level="INFO">Successfully changed active context</msg>
<msg timestamp="20230415 14:18:25.869" level="INFO">Successfully closed Context</msg>
<status status="PASS" starttime="20230415 14:18:25.818" endtime="20230415 14:18:25.870"/>
</kw>
<status status="PASS" starttime="20230415 14:18:24.661" endtime="20230415 14:18:25.870"/>
</test>
<test id="s1-t6" name="Add A Lot Of Todos" line="48">
<kw name="New Context" library="Browser" type="SETUP">
<arg>viewport={'width': 1920, 'height': 1080}</arg>
<tag>BrowserControl</tag>
<tag>Setter</tag>
<doc>Create a new BrowserContext with specified options.</doc>
<msg timestamp="20230415 14:18:25.880" level="INFO">{
  "acceptDownloads": true,
  "bypassCSP": false,
  "forcedColors": "none",
  "hideRfBrowser": false,
  "ignoreHTTPSErrors": false,
  "javaScriptEnabled": true,
  "offline": false,
  "reducedMotion": "no-preference",
  "viewport": {
    "height": 1080,
    "width": 1920
  },
  "deprecated_pos_args": []
}</msg>
<msg timestamp="20230415 14:18:25.887" level="INFO">Successfully created context. </msg>
<msg timestamp="20230415 14:18:25.887" level="INFO">{'acceptDownloads': True, 'bypassCSP': False, 'forcedColors': 'none', 'hideRfBrowser': False, 'ignoreHTTPSErrors': False, 'javaScriptEnabled': True, 'offline': False, 'reducedMotion': 'no-preference', 'viewport': {'height': 1080, 'width': 1920}, 'deprecated_pos_args': []}</msg>
<status status="PASS" starttime="20230415 14:18:25.879" endtime="20230415 14:18:25.888"/>
</kw>
<kw name="Given ToDo App is open">
<kw name="New Page" library="Browser">
<arg>https://todomvc.com/examples/react/</arg>
<tag>BrowserControl</tag>
<tag>Setter</tag>
<doc>Open a new Page.</doc>
<msg timestamp="20230415 14:18:26.865" level="INFO">Successfully initialized new page object and opened url: https://todomvc.com/examples/react/</msg>
<status status="PASS" starttime="20230415 14:18:25.888" endtime="20230415 14:18:26.865"/>
</kw>
<status status="PASS" starttime="20230415 14:18:25.888" endtime="20230415 14:18:26.865"/>
</kw>
<kw name="When I Add &quot;100&quot; ToDos" sourcename="I Add &quot;${count}&quot; ToDos">
<for flavor="IN RANGE">
<var>${index}</var>
<value>${count}</value>
<iter>
<var name="${index}">0</var>
<kw name="I Add A New ToDo &quot;My ToDo Number ${index}&quot;" sourcename="I Add A New ToDo &quot;${todo}&quot;">
<kw name="Fill Text" library="Browser">
<arg>.new-todo</arg>
<arg>${todo}</arg>
<tag>PageContent</tag>
<tag>Setter</tag>
<doc>Clears and fills the given ``txt`` into the text field found by ``selector``.</doc>
<msg timestamp="20230415 14:18:26.867" level="INFO">Fills the text 'My ToDo Number 0' in the given field.</msg>
<status status="PASS" starttime="20230415 14:18:26.867" endtime="20230415 14:18:26.956"/>
</kw>
<kw name="Press Keys" library="Browser">
<arg>.new-todo</arg>
<arg>Enter</arg>
<tag>PageContent</tag>
<tag>Setter</tag>
<doc>Types the given key combination into element found by ``selector``.</doc>
<status status="PASS" starttime="20230415 14:18:26.956" endtime="20230415 14:18:26.986"/>
</kw>
<status status="PASS" starttime="20230415 14:18:26.867" endtime="20230415 14:18:26.986"/>
</kw>
<status status="PASS" starttime="20230415 14:18:26.866" endtime="20230415 14:18:26.986"/>
</iter>
<iter>
<var name="${index}">1</var>
<kw name="I Add A New ToDo &quot;My ToDo Number ${index}&quot;" sourcename="I Add A New ToDo &quot;${todo}&quot;">
<kw name="Fill Text" library="Browser">
<arg>.new-todo</arg>
<arg>${todo}</arg>
<tag>PageContent</tag>
<tag>Setter</tag>
<doc>Clears and fills the given ``txt`` into the text field found by ``selector``.</doc>
<msg timestamp="20230415 14:18:26.986" level="INFO">Fills the text 'My ToDo Number 1' in the given field.</msg>
<status status="PASS" starttime="20230415 14:18:26.986" endtime="20230415 14:18:27.001"/>
</kw>
<kw name="Press Keys" library="Browser">
<arg>.new-todo</arg>
<arg>Enter</arg>
<tag>PageContent</tag>
<tag>Setter</tag>
<doc>Types the given key combination into element found by ``selector``.</doc>
<status status="PASS" starttime="20230415 14:18:27.001" endtime="20230415 14:18:27.001"/>
</kw>
<status status="PASS" starttime="20230415 14:18:26.986" endtime="20230415 14:18:27.014"/>
</kw>
<status status="PASS" starttime="20230415 14:18:26.986" endtime="20230415 14:18:27.014"/>
</iter>
<iter>
<var name="${index}">2</var>
<kw name="I Add A New ToDo &quot;My ToDo Number ${index}&quot;" sourcename="I Add A New ToDo &quot;${todo}&quot;">
<kw name="Fill Text" library="Browser">
<arg>.new-todo</arg>
<arg>${todo}</arg>
<tag>PageContent</tag>
<tag>Setter</tag>
<doc>Clears and fills the given ``txt`` into the text field found by ``selector``.</doc>
<msg timestamp="20230415 14:18:27.015" level="INFO">Fills the text 'My ToDo Number 2' in the given field.</msg>
<status status="PASS" starttime="20230415 14:18:27.014" endtime="20230415 14:18:27.030"/>
</kw>
<kw name="Press Keys" library="Browser">
<arg>.new-todo</arg>
<arg>Enter</arg>
<tag>PageContent</tag>
<tag>Setter</tag>
<doc>Types the given key combination into element found by ``selector``.</doc>
<status status="PASS" starttime="20230415 14:18:27.030" endtime="20230415 14:18:27.041"/>
</kw>
<status status="PASS" starttime="20230415 14:18:27.014" endtime="20230415 14:18:27.042"/>
</kw>
<status status="PASS" starttime="20230415 14:18:27.014" endtime="20230415 14:18:27.042"/>
</iter>
<iter>
<var name="${index}">3</var>
<kw name="I Add A New ToDo &quot;My ToDo Number ${index}&quot;" sourcename="I Add A New ToDo &quot;${todo}&quot;">
<kw name="Fill Text" library="Browser">
<arg>.new-todo</arg>
<arg>${todo}</arg>
<tag>PageContent</tag>
<tag>Setter</tag>
<doc>Clears and fills the given ``txt`` into the text field found by ``selector``.</doc>
<msg timestamp="20230415 14:18:27.042" level="INFO">Fills the text 'My ToDo Number 3' in the given field.</msg>
<status status="PASS" starttime="20230415 14:18:27.042" endtime="20230415 14:18:27.050"/>
</kw>
<kw name="Press Keys" library="Browser">
<arg>.new-todo</arg>
<arg>Enter</arg>
<tag>PageContent</tag>
<tag>Setter</tag>
<doc>Types the given key combination into element found by ``selector``.</doc>
<status status="PASS" starttime="20230415 14:18:27.050" endtime="20230415 14:18:27.066"/>
</kw>
<status status="PASS" starttime="20230415 14:18:27.042" endtime="20230415 14:18:27.066"/>
</kw>
<status status="PASS" starttime="20230415 14:18:27.042" endtime="20230415 14:18:27.066"/>
</iter>
<iter>
<var name="${index}">4</var>
<kw name="I Add A New ToDo &quot;My ToDo Number ${index}&quot;" sourcename="I Add A New ToDo &quot;${todo}&quot;">
<kw name="Fill Text" library="Browser">
<arg>.new-todo</arg>
<arg>${todo}</arg>
<tag>PageContent</tag>
<tag>Setter</tag>
<doc>Clears and fills the given ``txt`` into the text field found by ``selector``.</doc>
<msg timestamp="20230415 14:18:27.066" level="INFO">Fills the text 'My ToDo Number 4' in the given field.</msg>
<status status="PASS" starttime="20230415 14:18:27.066" endtime="20230415 14:18:27.084"/>
</kw>
<kw name="Press Keys" library="Browser">
<arg>.new-todo</arg>
<arg>Enter</arg>
<tag>PageContent</tag>
<tag>Setter</tag>
<doc>Types the given key combination into element found by ``selector``.</doc>
<status status="PASS" starttime="20230415 14:18:27.084" endtime="20230415 14:18:27.084"/>
</kw>
<status status="PASS" starttime="20230415 14:18:27.066" endtime="20230415 14:18:27.084"/>
</kw>
<status status="PASS" starttime="20230415 14:18:27.066" endtime="20230415 14:18:27.084"/>
</iter>
<iter>
<var name="${index}">5</var>
<kw name="I Add A New ToDo &quot;My ToDo Number ${index}&quot;" sourcename="I Add A New ToDo &quot;${todo}&quot;">
<kw name="Fill Text" library="Browser">
<arg>.new-todo</arg>
<arg>${todo}</arg>
<tag>PageContent</tag>
<tag>Setter</tag>
<doc>Clears and fills the given ``txt`` into the text field found by ``selector``.</doc>
<msg timestamp="20230415 14:18:27.084" level="INFO">Fills the text 'My ToDo Number 5' in the given field.</msg>
<status status="PASS" starttime="20230415 14:18:27.084" endtime="20230415 14:18:27.100"/>
</kw>
<kw name="Press Keys" library="Browser">
<arg>.new-todo</arg>
<arg>Enter</arg>
<tag>PageContent</tag>
<tag>Setter</tag>
<doc>Types the given key combination into element found by ``selector``.</doc>
<status status="PASS" starttime="20230415 14:18:27.100" endtime="20230415 14:18:27.116"/>
</kw>
<status status="PASS" starttime="20230415 14:18:27.084" endtime="20230415 14:18:27.116"/>
</kw>
<status status="PASS" starttime="20230415 14:18:27.084" endtime="20230415 14:18:27.116"/>
</iter>
<iter>
<var name="${index}">6</var>
<kw name="I Add A New ToDo &quot;My ToDo Number ${index}&quot;" sourcename="I Add A New ToDo &quot;${todo}&quot;">
<kw name="Fill Text" library="Browser">
<arg>.new-todo</arg>
<arg>${todo}</arg>
<tag>PageContent</tag>
<tag>Setter</tag>
<doc>Clears and fills the given ``txt`` into the text field found by ``selector``.</doc>
<msg timestamp="20230415 14:18:27.116" level="INFO">Fills the text 'My ToDo Number 6' in the given field.</msg>
<status status="PASS" starttime="20230415 14:18:27.116" endtime="20230415 14:18:27.133"/>
</kw>
<kw name="Press Keys" library="Browser">
<arg>.new-todo</arg>
<arg>Enter</arg>
<tag>PageContent</tag>
<tag>Setter</tag>
<doc>Types the given key combination into element found by ``selector``.</doc>
<status status="PASS" starttime="20230415 14:18:27.133" endtime="20230415 14:18:27.150"/>
</kw>
<status status="PASS" starttime="20230415 14:18:27.116" endtime="20230415 14:18:27.150"/>
</kw>
<status status="PASS" starttime="20230415 14:18:27.116" endtime="20230415 14:18:27.150"/>
</iter>
<iter>
<var name="${index}">7</var>
<kw name="I Add A New ToDo &quot;My ToDo Number ${index}&quot;" sourcename="I Add A New ToDo &quot;${todo}&quot;">
<kw name="Fill Text" library="Browser">
<arg>.new-todo</arg>
<arg>${todo}</arg>
<tag>PageContent</tag>
<tag>Setter</tag>
<doc>Clears and fills the given ``txt`` into the text field found by ``selector``.</doc>
<msg timestamp="20230415 14:18:27.150" level="INFO">Fills the text 'My ToDo Number 7' in the given field.</msg>
<status status="PASS" starttime="20230415 14:18:27.150" endtime="20230415 14:18:27.166"/>
</kw>
<kw name="Press Keys" library="Browser">
<arg>.new-todo</arg>
<arg>Enter</arg>
<tag>PageContent</tag>
<tag>Setter</tag>
<doc>Types the given key combination into element found by ``selector``.</doc>
<status status="PASS" starttime="20230415 14:18:27.166" endtime="20230415 14:18:27.166"/>
</kw>
<status status="PASS" starttime="20230415 14:18:27.150" endtime="20230415 14:18:27.166"/>
</kw>
<status status="PASS" starttime="20230415 14:18:27.150" endtime="20230415 14:18:27.166"/>
</iter>
<iter>
<var name="${index}">8</var>
<kw name="I Add A New ToDo &quot;My ToDo Number ${index}&quot;" sourcename="I Add A New ToDo &quot;${todo}&quot;">
<kw name="Fill Text" library="Browser">
<arg>.new-todo</arg>
<arg>${todo}</arg>
<tag>PageContent</tag>
<tag>Setter</tag>
<doc>Clears and fills the given ``txt`` into the text field found by ``selector``.</doc>
<msg timestamp="20230415 14:18:27.166" level="INFO">Fills the text 'My ToDo Number 8' in the given field.</msg>
<status status="PASS" starttime="20230415 14:18:27.166" endtime="20230415 14:18:27.184"/>
</kw>
<kw name="Press Keys" library="Browser">
<arg>.new-todo</arg>
<arg>Enter</arg>
<tag>PageContent</tag>
<tag>Setter</tag>
<doc>Types the given key combination into element found by ``selector``.</doc>
<status status="PASS" starttime="20230415 14:18:27.184" endtime="20230415 14:18:27.199"/>
</kw>
<status status="PASS" starttime="20230415 14:18:27.166" endtime="20230415 14:18:27.199"/>
</kw>
<status status="PASS" starttime="20230415 14:18:27.166" endtime="20230415 14:18:27.199"/>
</iter>
<iter>
<var name="${index}">9</var>
<kw name="I Add A New ToDo &quot;My ToDo Number ${index}&quot;" sourcename="I Add A New ToDo &quot;${todo}&quot;">
<kw name="Fill Text" library="Browser">
<arg>.new-todo</arg>
<arg>${todo}</arg>
<tag>PageContent</tag>
<tag>Setter</tag>
<doc>Clears and fills the given ``txt`` into the text field found by ``selector``.</doc>
<msg timestamp="20230415 14:18:27.199" level="INFO">Fills the text 'My ToDo Number 9' in the given field.</msg>
<status status="PASS" starttime="20230415 14:18:27.199" endtime="20230415 14:18:27.221"/>
</kw>
<kw name="Press Keys" library="Browser">
<arg>.new-todo</arg>
<arg>Enter</arg>
<tag>PageContent</tag>
<tag>Setter</tag>
<doc>Types the given key combination into element found by ``selector``.</doc>
<status status="PASS" starttime="20230415 14:18:27.221" endtime="20230415 14:18:27.236"/>
</kw>
<status status="PASS" starttime="20230415 14:18:27.199" endtime="20230415 14:18:27.236"/>
</kw>
<status status="PASS" starttime="20230415 14:18:27.199" endtime="20230415 14:18:27.237"/>
</iter>
<iter>
<var name="${index}">10</var>
<kw name="I Add A New ToDo &quot;My ToDo Number ${index}&quot;" sourcename="I Add A New ToDo &quot;${todo}&quot;">
<kw name="Fill Text" library="Browser">
<arg>.new-todo</arg>
<arg>${todo}</arg>
<tag>PageContent</tag>
<tag>Setter</tag>
<doc>Clears and fills the given ``txt`` into the text field found by ``selector``.</doc>
<msg timestamp="20230415 14:18:27.237" level="INFO">Fills the text 'My ToDo Number 10' in the given field.</msg>
<status status="PASS" starttime="20230415 14:18:27.237" endtime="20230415 14:18:27.253"/>
</kw>
<kw name="Press Keys" library="Browser">
<arg>.new-todo</arg>
<arg>Enter</arg>
<tag>PageContent</tag>
<tag>Setter</tag>
<doc>Types the given key combination into element found by ``selector``.</doc>
<status status="PASS" starttime="20230415 14:18:27.253" endtime="20230415 14:18:27.254"/>
</kw>
<status status="PASS" starttime="20230415 14:18:27.237" endtime="20230415 14:18:27.254"/>
</kw>
<status status="PASS" starttime="20230415 14:18:27.237" endtime="20230415 14:18:27.254"/>
</iter>
<iter>
<var name="${index}">11</var>
<kw name="I Add A New ToDo &quot;My ToDo Number ${index}&quot;" sourcename="I Add A New ToDo &quot;${todo}&quot;">
<kw name="Fill Text" library="Browser">
<arg>.new-todo</arg>
<arg>${todo}</arg>
<tag>PageContent</tag>
<tag>Setter</tag>
<doc>Clears and fills the given ``txt`` into the text field found by ``selector``.</doc>
<msg timestamp="20230415 14:18:27.254" level="INFO">Fills the text 'My ToDo Number 11' in the given field.</msg>
<status status="PASS" starttime="20230415 14:18:27.254" endtime="20230415 14:18:27.266"/>
</kw>
<kw name="Press Keys" library="Browser">
<arg>.new-todo</arg>
<arg>Enter</arg>
<tag>PageContent</tag>
<tag>Setter</tag>
<doc>Types the given key combination into element found by ``selector``.</doc>
<status status="PASS" starttime="20230415 14:18:27.266" endtime="20230415 14:18:27.283"/>
</kw>
<status status="PASS" starttime="20230415 14:18:27.254" endtime="20230415 14:18:27.283"/>
</kw>
<status status="PASS" starttime="20230415 14:18:27.254" endtime="20230415 14:18:27.283"/>
</iter>
<iter>
<var name="${index}">12</var>
<kw name="I Add A New ToDo &quot;My ToDo Number ${index}&quot;" sourcename="I Add A New ToDo &quot;${todo}&quot;">
<kw name="Fill Text" library="Browser">
<arg>.new-todo</arg>
<arg>${todo}</arg>
<tag>PageContent</tag>
<tag>Setter</tag>
<doc>Clears and fills the given ``txt`` into the text field found by ``selector``.</doc>
<msg timestamp="20230415 14:18:27.283" level="INFO">Fills the text 'My ToDo Number 12' in the given field.</msg>
<status status="PASS" starttime="20230415 14:18:27.283" endtime="20230415 14:18:27.300"/>
</kw>
<kw name="Press Keys" library="Browser">
<arg>.new-todo</arg>
<arg>Enter</arg>
<tag>PageContent</tag>
<tag>Setter</tag>
<doc>Types the given key combination into element found by ``selector``.</doc>
<status status="PASS" starttime="20230415 14:18:27.300" endtime="20230415 14:18:27.316"/>
</kw>
<status status="PASS" starttime="20230415 14:18:27.283" endtime="20230415 14:18:27.316"/>
</kw>
<status status="PASS" starttime="20230415 14:18:27.283" endtime="20230415 14:18:27.316"/>
</iter>
<iter>
<var name="${index}">13</var>
<kw name="I Add A New ToDo &quot;My ToDo Number ${index}&quot;" sourcename="I Add A New ToDo &quot;${todo}&quot;">
<kw name="Fill Text" library="Browser">
<arg>.new-todo</arg>
<arg>${todo}</arg>
<tag>PageContent</tag>
<tag>Setter</tag>
<doc>Clears and fills the given ``txt`` into the text field found by ``selector``.</doc>
<msg timestamp="20230415 14:18:27.316" level="INFO">Fills the text 'My ToDo Number 13' in the given field.</msg>
<status status="PASS" starttime="20230415 14:18:27.316" endtime="20230415 14:18:27.336"/>
</kw>
<kw name="Press Keys" library="Browser">
<arg>.new-todo</arg>
<arg>Enter</arg>
<tag>PageContent</tag>
<tag>Setter</tag>
<doc>Types the given key combination into element found by ``selector``.</doc>
<status status="PASS" starttime="20230415 14:18:27.336" endtime="20230415 14:18:27.350"/>
</kw>
<status status="PASS" starttime="20230415 14:18:27.316" endtime="20230415 14:18:27.350"/>
</kw>
<status status="PASS" starttime="20230415 14:18:27.316" endtime="20230415 14:18:27.350"/>
</iter>
<iter>
<var name="${index}">14</var>
<kw name="I Add A New ToDo &quot;My ToDo Number ${index}&quot;" sourcename="I Add A New ToDo &quot;${todo}&quot;">
<kw name="Fill Text" library="Browser">
<arg>.new-todo</arg>
<arg>${todo}</arg>
<tag>PageContent</tag>
<tag>Setter</tag>
<doc>Clears and fills the given ``txt`` into the text field found by ``selector``.</doc>
<msg timestamp="20230415 14:18:27.351" level="INFO">Fills the text 'My ToDo Number 14' in the given field.</msg>
<status status="PASS" starttime="20230415 14:18:27.351" endtime="20230415 14:18:27.366"/>
</kw>
<kw name="Press Keys" library="Browser">
<arg>.new-todo</arg>
<arg>Enter</arg>
<tag>PageContent</tag>
<tag>Setter</tag>
<doc>Types the given key combination into element found by ``selector``.</doc>
<status status="PASS" starttime="20230415 14:18:27.366" endtime="20230415 14:18:27.366"/>
</kw>
<status status="PASS" starttime="20230415 14:18:27.351" endtime="20230415 14:18:27.366"/>
</kw>
<status status="PASS" starttime="20230415 14:18:27.351" endtime="20230415 14:18:27.366"/>
</iter>
<iter>
<var name="${index}">15</var>
<kw name="I Add A New ToDo &quot;My ToDo Number ${index}&quot;" sourcename="I Add A New ToDo &quot;${todo}&quot;">
<kw name="Fill Text" library="Browser">
<arg>.new-todo</arg>
<arg>${todo}</arg>
<tag>PageContent</tag>
<tag>Setter</tag>
<doc>Clears and fills the given ``txt`` into the text field found by ``selector``.</doc>
<msg timestamp="20230415 14:18:27.366" level="INFO">Fills the text 'My ToDo Number 15' in the given field.</msg>
<status status="PASS" starttime="20230415 14:18:27.366" endtime="20230415 14:18:27.400"/>
</kw>
<kw name="Press Keys" library="Browser">
<arg>.new-todo</arg>
<arg>Enter</arg>
<tag>PageContent</tag>
<tag>Setter</tag>
<doc>Types the given key combination into element found by ``selector``.</doc>
<status status="PASS" starttime="20230415 14:18:27.400" endtime="20230415 14:18:27.414"/>
</kw>
<status status="PASS" starttime="20230415 14:18:27.366" endtime="20230415 14:18:27.414"/>
</kw>
<status status="PASS" starttime="20230415 14:18:27.366" endtime="20230415 14:18:27.414"/>
</iter>
<iter>
<var name="${index}">16</var>
<kw name="I Add A New ToDo &quot;My ToDo Number ${index}&quot;" sourcename="I Add A New ToDo &quot;${todo}&quot;">
<kw name="Fill Text" library="Browser">
<arg>.new-todo</arg>
<arg>${todo}</arg>
<tag>PageContent</tag>
<tag>Setter</tag>
<doc>Clears and fills the given ``txt`` into the text field found by ``selector``.</doc>
<msg timestamp="20230415 14:18:27.415" level="INFO">Fills the text 'My ToDo Number 16' in the given field.</msg>
<status status="PASS" starttime="20230415 14:18:27.414" endtime="20230415 14:18:27.432"/>
</kw>
<kw name="Press Keys" library="Browser">
<arg>.new-todo</arg>
<arg>Enter</arg>
<tag>PageContent</tag>
<tag>Setter</tag>
<doc>Types the given key combination into element found by ``selector``.</doc>
<status status="PASS" starttime="20230415 14:18:27.432" endtime="20230415 14:18:27.432"/>
</kw>
<status status="PASS" starttime="20230415 14:18:27.414" endtime="20230415 14:18:27.432"/>
</kw>
<status status="PASS" starttime="20230415 14:18:27.414" endtime="20230415 14:18:27.432"/>
</iter>
<iter>
<var name="${index}">17</var>
<kw name="I Add A New ToDo &quot;My ToDo Number ${index}&quot;" sourcename="I Add A New ToDo &quot;${todo}&quot;">
<kw name="Fill Text" library="Browser">
<arg>.new-todo</arg>
<arg>${todo}</arg>
<tag>PageContent</tag>
<tag>Setter</tag>
<doc>Clears and fills the given ``txt`` into the text field found by ``selector``.</doc>
<msg timestamp="20230415 14:18:27.432" level="INFO">Fills the text 'My ToDo Number 17' in the given field.</msg>
<status status="PASS" starttime="20230415 14:18:27.432" endtime="20230415 14:18:27.450"/>
</kw>
<kw name="Press Keys" library="Browser">
<arg>.new-todo</arg>
<arg>Enter</arg>
<tag>PageContent</tag>
<tag>Setter</tag>
<doc>Types the given key combination into element found by ``selector``.</doc>
<status status="PASS" starttime="20230415 14:18:27.450" endtime="20230415 14:18:27.466"/>
</kw>
<status status="PASS" starttime="20230415 14:18:27.432" endtime="20230415 14:18:27.466"/>
</kw>
<status status="PASS" starttime="20230415 14:18:27.432" endtime="20230415 14:18:27.466"/>
</iter>
<iter>
<var name="${index}">18</var>
<kw name="I Add A New ToDo &quot;My ToDo Number ${index}&quot;" sourcename="I Add A New ToDo &quot;${todo}&quot;">
<kw name="Fill Text" library="Browser">
<arg>.new-todo</arg>
<arg>${todo}</arg>
<tag>PageContent</tag>
<tag>Setter</tag>
<doc>Clears and fills the given ``txt`` into the text field found by ``selector``.</doc>
<msg timestamp="20230415 14:18:27.466" level="INFO">Fills the text 'My ToDo Number 18' in the given field.</msg>
<status status="PASS" starttime="20230415 14:18:27.466" endtime="20230415 14:18:27.484"/>
</kw>
<kw name="Press Keys" library="Browser">
<arg>.new-todo</arg>
<arg>Enter</arg>
<tag>PageContent</tag>
<tag>Setter</tag>
<doc>Types the given key combination into element found by ``selector``.</doc>
<status status="PASS" starttime="20230415 14:18:27.484" endtime="20230415 14:18:27.499"/>
</kw>
<status status="PASS" starttime="20230415 14:18:27.466" endtime="20230415 14:18:27.499"/>
</kw>
<status status="PASS" starttime="20230415 14:18:27.466" endtime="20230415 14:18:27.499"/>
</iter>
<iter>
<var name="${index}">19</var>
<kw name="I Add A New ToDo &quot;My ToDo Number ${index}&quot;" sourcename="I Add A New ToDo &quot;${todo}&quot;">
<kw name="Fill Text" library="Browser">
<arg>.new-todo</arg>
<arg>${todo}</arg>
<tag>PageContent</tag>
<tag>Setter</tag>
<doc>Clears and fills the given ``txt`` into the text field found by ``selector``.</doc>
<msg timestamp="20230415 14:18:27.499" level="INFO">Fills the text 'My ToDo Number 19' in the given field.</msg>
<status status="PASS" starttime="20230415 14:18:27.499" endtime="20230415 14:18:27.517"/>
</kw>
<kw name="Press Keys" library="Browser">
<arg>.new-todo</arg>
<arg>Enter</arg>
<tag>PageContent</tag>
<tag>Setter</tag>
<doc>Types the given key combination into element found by ``selector``.</doc>
<status status="PASS" starttime="20230415 14:18:27.517" endtime="20230415 14:18:27.532"/>
</kw>
<status status="PASS" starttime="20230415 14:18:27.499" endtime="20230415 14:18:27.532"/>
</kw>
<status status="PASS" starttime="20230415 14:18:27.499" endtime="20230415 14:18:27.532"/>
</iter>
<iter>
<var name="${index}">20</var>
<kw name="I Add A New ToDo &quot;My ToDo Number ${index}&quot;" sourcename="I Add A New ToDo &quot;${todo}&quot;">
<kw name="Fill Text" library="Browser">
<arg>.new-todo</arg>
<arg>${todo}</arg>
<tag>PageContent</tag>
<tag>Setter</tag>
<doc>Clears and fills the given ``txt`` into the text field found by ``selector``.</doc>
<msg timestamp="20230415 14:18:27.532" level="INFO">Fills the text 'My ToDo Number 20' in the given field.</msg>
<status status="PASS" starttime="20230415 14:18:27.532" endtime="20230415 14:18:27.570"/>
</kw>
<kw name="Press Keys" library="Browser">
<arg>.new-todo</arg>
<arg>Enter</arg>
<tag>PageContent</tag>
<tag>Setter</tag>
<doc>Types the given key combination into element found by ``selector``.</doc>
<status status="PASS" starttime="20230415 14:18:27.570" endtime="20230415 14:18:27.571"/>
</kw>
<status status="PASS" starttime="20230415 14:18:27.532" endtime="20230415 14:18:27.571"/>
</kw>
<status status="PASS" starttime="20230415 14:18:27.532" endtime="20230415 14:18:27.571"/>
</iter>
<iter>
<var name="${index}">21</var>
<kw name="I Add A New ToDo &quot;My ToDo Number ${index}&quot;" sourcename="I Add A New ToDo &quot;${todo}&quot;">
<kw name="Fill Text" library="Browser">
<arg>.new-todo</arg>
<arg>${todo}</arg>
<tag>PageContent</tag>
<tag>Setter</tag>
<doc>Clears and fills the given ``txt`` into the text field found by ``selector``.</doc>
<msg timestamp="20230415 14:18:27.582" level="INFO">Fills the text 'My ToDo Number 21' in the given field.</msg>
<status status="PASS" starttime="20230415 14:18:27.581" endtime="20230415 14:18:27.603"/>
</kw>
<kw name="Press Keys" library="Browser">
<arg>.new-todo</arg>
<arg>Enter</arg>
<tag>PageContent</tag>
<tag>Setter</tag>
<doc>Types the given key combination into element found by ``selector``.</doc>
<status status="PASS" starttime="20230415 14:18:27.603" endtime="20230415 14:18:27.603"/>
</kw>
<status status="PASS" starttime="20230415 14:18:27.581" endtime="20230415 14:18:27.603"/>
</kw>
<status status="PASS" starttime="20230415 14:18:27.581" endtime="20230415 14:18:27.603"/>
</iter>
<iter>
<var name="${index}">22</var>
<kw name="I Add A New ToDo &quot;My ToDo Number ${index}&quot;" sourcename="I Add A New ToDo &quot;${todo}&quot;">
<kw name="Fill Text" library="Browser">
<arg>.new-todo</arg>
<arg>${todo}</arg>
<tag>PageContent</tag>
<tag>Setter</tag>
<doc>Clears and fills the given ``txt`` into the text field found by ``selector``.</doc>
<msg timestamp="20230415 14:18:27.603" level="INFO">Fills the text 'My ToDo Number 22' in the given field.</msg>
<status status="PASS" starttime="20230415 14:18:27.603" endtime="20230415 14:18:27.632"/>
</kw>
<kw name="Press Keys" library="Browser">
<arg>.new-todo</arg>
<arg>Enter</arg>
<tag>PageContent</tag>
<tag>Setter</tag>
<doc>Types the given key combination into element found by ``selector``.</doc>
<status status="PASS" starttime="20230415 14:18:27.632" endtime="20230415 14:18:27.632"/>
</kw>
<status status="PASS" starttime="20230415 14:18:27.603" endtime="20230415 14:18:27.632"/>
</kw>
<status status="PASS" starttime="20230415 14:18:27.603" endtime="20230415 14:18:27.632"/>
</iter>
<iter>
<var name="${index}">23</var>
<kw name="I Add A New ToDo &quot;My ToDo Number ${index}&quot;" sourcename="I Add A New ToDo &quot;${todo}&quot;">
<kw name="Fill Text" library="Browser">
<arg>.new-todo</arg>
<arg>${todo}</arg>
<tag>PageContent</tag>
<tag>Setter</tag>
<doc>Clears and fills the given ``txt`` into the text field found by ``selector``.</doc>
<msg timestamp="20230415 14:18:27.632" level="INFO">Fills the text 'My ToDo Number 23' in the given field.</msg>
<status status="PASS" starttime="20230415 14:18:27.632" endtime="20230415 14:18:27.666"/>
</kw>
<kw name="Press Keys" library="Browser">
<arg>.new-todo</arg>
<arg>Enter</arg>
<tag>PageContent</tag>
<tag>Setter</tag>
<doc>Types the given key combination into element found by ``selector``.</doc>
<status status="PASS" starttime="20230415 14:18:27.666" endtime="20230415 14:18:27.666"/>
</kw>
<status status="PASS" starttime="20230415 14:18:27.632" endtime="20230415 14:18:27.666"/>
</kw>
<status status="PASS" starttime="20230415 14:18:27.632" endtime="20230415 14:18:27.666"/>
</iter>
<iter>
<var name="${index}">24</var>
<kw name="I Add A New ToDo &quot;My ToDo Number ${index}&quot;" sourcename="I Add A New ToDo &quot;${todo}&quot;">
<kw name="Fill Text" library="Browser">
<arg>.new-todo</arg>
<arg>${todo}</arg>
<tag>PageContent</tag>
<tag>Setter</tag>
<doc>Clears and fills the given ``txt`` into the text field found by ``selector``.</doc>
<msg timestamp="20230415 14:18:27.666" level="INFO">Fills the text 'My ToDo Number 24' in the given field.</msg>
<status status="PASS" starttime="20230415 14:18:27.666" endtime="20230415 14:18:27.699"/>
</kw>
<kw name="Press Keys" library="Browser">
<arg>.new-todo</arg>
<arg>Enter</arg>
<tag>PageContent</tag>
<tag>Setter</tag>
<doc>Types the given key combination into element found by ``selector``.</doc>
<status status="PASS" starttime="20230415 14:18:27.699" endtime="20230415 14:18:27.699"/>
</kw>
<status status="PASS" starttime="20230415 14:18:27.666" endtime="20230415 14:18:27.699"/>
</kw>
<status status="PASS" starttime="20230415 14:18:27.666" endtime="20230415 14:18:27.699"/>
</iter>
<iter>
<var name="${index}">25</var>
<kw name="I Add A New ToDo &quot;My ToDo Number ${index}&quot;" sourcename="I Add A New ToDo &quot;${todo}&quot;">
<kw name="Fill Text" library="Browser">
<arg>.new-todo</arg>
<arg>${todo}</arg>
<tag>PageContent</tag>
<tag>Setter</tag>
<doc>Clears and fills the given ``txt`` into the text field found by ``selector``.</doc>
<msg timestamp="20230415 14:18:27.699" level="INFO">Fills the text 'My ToDo Number 25' in the given field.</msg>
<status status="PASS" starttime="20230415 14:18:27.699" endtime="20230415 14:18:27.733"/>
</kw>
<kw name="Press Keys" library="Browser">
<arg>.new-todo</arg>
<arg>Enter</arg>
<tag>PageContent</tag>
<tag>Setter</tag>
<doc>Types the given key combination into element found by ``selector``.</doc>
<status status="PASS" starttime="20230415 14:18:27.733" endtime="20230415 14:18:27.733"/>
</kw>
<status status="PASS" starttime="20230415 14:18:27.699" endtime="20230415 14:18:27.733"/>
</kw>
<status status="PASS" starttime="20230415 14:18:27.699" endtime="20230415 14:18:27.733"/>
</iter>
<iter>
<var name="${index}">26</var>
<kw name="I Add A New ToDo &quot;My ToDo Number ${index}&quot;" sourcename="I Add A New ToDo &quot;${todo}&quot;">
<kw name="Fill Text" library="Browser">
<arg>.new-todo</arg>
<arg>${todo}</arg>
<tag>PageContent</tag>
<tag>Setter</tag>
<doc>Clears and fills the given ``txt`` into the text field found by ``selector``.</doc>
<msg timestamp="20230415 14:18:27.733" level="INFO">Fills the text 'My ToDo Number 26' in the given field.</msg>
<status status="PASS" starttime="20230415 14:18:27.733" endtime="20230415 14:18:27.766"/>
</kw>
<kw name="Press Keys" library="Browser">
<arg>.new-todo</arg>
<arg>Enter</arg>
<tag>PageContent</tag>
<tag>Setter</tag>
<doc>Types the given key combination into element found by ``selector``.</doc>
<status status="PASS" starttime="20230415 14:18:27.766" endtime="20230415 14:18:27.766"/>
</kw>
<status status="PASS" starttime="20230415 14:18:27.733" endtime="20230415 14:18:27.766"/>
</kw>
<status status="PASS" starttime="20230415 14:18:27.733" endtime="20230415 14:18:27.766"/>
</iter>
<iter>
<var name="${index}">27</var>
<kw name="I Add A New ToDo &quot;My ToDo Number ${index}&quot;" sourcename="I Add A New ToDo &quot;${todo}&quot;">
<kw name="Fill Text" library="Browser">
<arg>.new-todo</arg>
<arg>${todo}</arg>
<tag>PageContent</tag>
<tag>Setter</tag>
<doc>Clears and fills the given ``txt`` into the text field found by ``selector``.</doc>
<msg timestamp="20230415 14:18:27.766" level="INFO">Fills the text 'My ToDo Number 27' in the given field.</msg>
<status status="PASS" starttime="20230415 14:18:27.766" endtime="20230415 14:18:27.799"/>
</kw>
<kw name="Press Keys" library="Browser">
<arg>.new-todo</arg>
<arg>Enter</arg>
<tag>PageContent</tag>
<tag>Setter</tag>
<doc>Types the given key combination into element found by ``selector``.</doc>
<status status="PASS" starttime="20230415 14:18:27.799" endtime="20230415 14:18:27.799"/>
</kw>
<status status="PASS" starttime="20230415 14:18:27.766" endtime="20230415 14:18:27.799"/>
</kw>
<status status="PASS" starttime="20230415 14:18:27.766" endtime="20230415 14:18:27.799"/>
</iter>
<iter>
<var name="${index}">28</var>
<kw name="I Add A New ToDo &quot;My ToDo Number ${index}&quot;" sourcename="I Add A New ToDo &quot;${todo}&quot;">
<kw name="Fill Text" library="Browser">
<arg>.new-todo</arg>
<arg>${todo}</arg>
<tag>PageContent</tag>
<tag>Setter</tag>
<doc>Clears and fills the given ``txt`` into the text field found by ``selector``.</doc>
<msg timestamp="20230415 14:18:27.799" level="INFO">Fills the text 'My ToDo Number 28' in the given field.</msg>
<status status="PASS" starttime="20230415 14:18:27.799" endtime="20230415 14:18:27.832"/>
</kw>
<kw name="Press Keys" library="Browser">
<arg>.new-todo</arg>
<arg>Enter</arg>
<tag>PageContent</tag>
<tag>Setter</tag>
<doc>Types the given key combination into element found by ``selector``.</doc>
<status status="PASS" starttime="20230415 14:18:27.832" endtime="20230415 14:18:27.850"/>
</kw>
<status status="PASS" starttime="20230415 14:18:27.799" endtime="20230415 14:18:27.850"/>
</kw>
<status status="PASS" starttime="20230415 14:18:27.799" endtime="20230415 14:18:27.850"/>
</iter>
<iter>
<var name="${index}">29</var>
<kw name="I Add A New ToDo &quot;My ToDo Number ${index}&quot;" sourcename="I Add A New ToDo &quot;${todo}&quot;">
<kw name="Fill Text" library="Browser">
<arg>.new-todo</arg>
<arg>${todo}</arg>
<tag>PageContent</tag>
<tag>Setter</tag>
<doc>Clears and fills the given ``txt`` into the text field found by ``selector``.</doc>
<msg timestamp="20230415 14:18:27.850" level="INFO">Fills the text 'My ToDo Number 29' in the given field.</msg>
<status status="PASS" starttime="20230415 14:18:27.850" endtime="20230415 14:18:27.874"/>
</kw>
<kw name="Press Keys" library="Browser">
<arg>.new-todo</arg>
<arg>Enter</arg>
<tag>PageContent</tag>
<tag>Setter</tag>
<doc>Types the given key combination into element found by ``selector``.</doc>
<status status="PASS" starttime="20230415 14:18:27.874" endtime="20230415 14:18:27.885"/>
</kw>
<status status="PASS" starttime="20230415 14:18:27.850" endtime="20230415 14:18:27.885"/>
</kw>
<status status="PASS" starttime="20230415 14:18:27.850" endtime="20230415 14:18:27.885"/>
</iter>
<iter>
<var name="${index}">30</var>
<kw name="I Add A New ToDo &quot;My ToDo Number ${index}&quot;" sourcename="I Add A New ToDo &quot;${todo}&quot;">
<kw name="Fill Text" library="Browser">
<arg>.new-todo</arg>
<arg>${todo}</arg>
<tag>PageContent</tag>
<tag>Setter</tag>
<doc>Clears and fills the given ``txt`` into the text field found by ``selector``.</doc>
<msg timestamp="20230415 14:18:27.886" level="INFO">Fills the text 'My ToDo Number 30' in the given field.</msg>
<status status="PASS" starttime="20230415 14:18:27.886" endtime="20230415 14:18:27.909"/>
</kw>
<kw name="Press Keys" library="Browser">
<arg>.new-todo</arg>
<arg>Enter</arg>
<tag>PageContent</tag>
<tag>Setter</tag>
<doc>Types the given key combination into element found by ``selector``.</doc>
<status status="PASS" starttime="20230415 14:18:27.909" endtime="20230415 14:18:27.921"/>
</kw>
<status status="PASS" starttime="20230415 14:18:27.886" endtime="20230415 14:18:27.921"/>
</kw>
<status status="PASS" starttime="20230415 14:18:27.885" endtime="20230415 14:18:27.921"/>
</iter>
<iter>
<var name="${index}">31</var>
<kw name="I Add A New ToDo &quot;My ToDo Number ${index}&quot;" sourcename="I Add A New ToDo &quot;${todo}&quot;">
<kw name="Fill Text" library="Browser">
<arg>.new-todo</arg>
<arg>${todo}</arg>
<tag>PageContent</tag>
<tag>Setter</tag>
<doc>Clears and fills the given ``txt`` into the text field found by ``selector``.</doc>
<msg timestamp="20230415 14:18:27.921" level="INFO">Fills the text 'My ToDo Number 31' in the given field.</msg>
<status status="PASS" starttime="20230415 14:18:27.921" endtime="20230415 14:18:27.934"/>
</kw>
<kw name="Press Keys" library="Browser">
<arg>.new-todo</arg>
<arg>Enter</arg>
<tag>PageContent</tag>
<tag>Setter</tag>
<doc>Types the given key combination into element found by ``selector``.</doc>
<status status="PASS" starttime="20230415 14:18:27.934" endtime="20230415 14:18:27.957"/>
</kw>
<status status="PASS" starttime="20230415 14:18:27.921" endtime="20230415 14:18:27.957"/>
</kw>
<status status="PASS" starttime="20230415 14:18:27.921" endtime="20230415 14:18:27.957"/>
</iter>
<iter>
<var name="${index}">32</var>
<kw name="I Add A New ToDo &quot;My ToDo Number ${index}&quot;" sourcename="I Add A New ToDo &quot;${todo}&quot;">
<kw name="Fill Text" library="Browser">
<arg>.new-todo</arg>
<arg>${todo}</arg>
<tag>PageContent</tag>
<tag>Setter</tag>
<doc>Clears and fills the given ``txt`` into the text field found by ``selector``.</doc>
<msg timestamp="20230415 14:18:27.957" level="INFO">Fills the text 'My ToDo Number 32' in the given field.</msg>
<status status="PASS" starttime="20230415 14:18:27.957" endtime="20230415 14:18:27.983"/>
</kw>
<kw name="Press Keys" library="Browser">
<arg>.new-todo</arg>
<arg>Enter</arg>
<tag>PageContent</tag>
<tag>Setter</tag>
<doc>Types the given key combination into element found by ``selector``.</doc>
<status status="PASS" starttime="20230415 14:18:27.983" endtime="20230415 14:18:27.994"/>
</kw>
<status status="PASS" starttime="20230415 14:18:27.957" endtime="20230415 14:18:27.995"/>
</kw>
<status status="PASS" starttime="20230415 14:18:27.957" endtime="20230415 14:18:27.995"/>
</iter>
<iter>
<var name="${index}">33</var>
<kw name="I Add A New ToDo &quot;My ToDo Number ${index}&quot;" sourcename="I Add A New ToDo &quot;${todo}&quot;">
<kw name="Fill Text" library="Browser">
<arg>.new-todo</arg>
<arg>${todo}</arg>
<tag>PageContent</tag>
<tag>Setter</tag>
<doc>Clears and fills the given ``txt`` into the text field found by ``selector``.</doc>
<msg timestamp="20230415 14:18:27.995" level="INFO">Fills the text 'My ToDo Number 33' in the given field.</msg>
<status status="PASS" starttime="20230415 14:18:27.995" endtime="20230415 14:18:28.019"/>
</kw>
<kw name="Press Keys" library="Browser">
<arg>.new-todo</arg>
<arg>Enter</arg>
<tag>PageContent</tag>
<tag>Setter</tag>
<doc>Types the given key combination into element found by ``selector``.</doc>
<status status="PASS" starttime="20230415 14:18:28.020" endtime="20230415 14:18:28.031"/>
</kw>
<status status="PASS" starttime="20230415 14:18:27.995" endtime="20230415 14:18:28.031"/>
</kw>
<status status="PASS" starttime="20230415 14:18:27.995" endtime="20230415 14:18:28.031"/>
</iter>
<iter>
<var name="${index}">34</var>
<kw name="I Add A New ToDo &quot;My ToDo Number ${index}&quot;" sourcename="I Add A New ToDo &quot;${todo}&quot;">
<kw name="Fill Text" library="Browser">
<arg>.new-todo</arg>
<arg>${todo}</arg>
<tag>PageContent</tag>
<tag>Setter</tag>
<doc>Clears and fills the given ``txt`` into the text field found by ``selector``.</doc>
<msg timestamp="20230415 14:18:28.032" level="INFO">Fills the text 'My ToDo Number 34' in the given field.</msg>
<status status="PASS" starttime="20230415 14:18:28.032" endtime="20230415 14:18:28.056"/>
</kw>
<kw name="Press Keys" library="Browser">
<arg>.new-todo</arg>
<arg>Enter</arg>
<tag>PageContent</tag>
<tag>Setter</tag>
<doc>Types the given key combination into element found by ``selector``.</doc>
<status status="PASS" starttime="20230415 14:18:28.056" endtime="20230415 14:18:28.068"/>
</kw>
<status status="PASS" starttime="20230415 14:18:28.032" endtime="20230415 14:18:28.068"/>
</kw>
<status status="PASS" starttime="20230415 14:18:28.032" endtime="20230415 14:18:28.068"/>
</iter>
<iter>
<var name="${index}">35</var>
<kw name="I Add A New ToDo &quot;My ToDo Number ${index}&quot;" sourcename="I Add A New ToDo &quot;${todo}&quot;">
<kw name="Fill Text" library="Browser">
<arg>.new-todo</arg>
<arg>${todo}</arg>
<tag>PageContent</tag>
<tag>Setter</tag>
<doc>Clears and fills the given ``txt`` into the text field found by ``selector``.</doc>
[...]
</kw>
<kw name="Press Keys" library="Browser">
<arg>.new-todo</arg>
<arg>Enter</arg>
<tag>PageContent</tag>
<tag>Setter</tag>
<doc>Types the given key combination into element found by ``selector``.</doc>
<status status="PASS" starttime="20230415 14:18:36.244" endtime="20230415 14:18:36.247"/>
</kw>
<status status="PASS" starttime="20230415 14:18:36.195" endtime="20230415 14:18:36.247"/>
</kw>
<status status="PASS" starttime="20230415 14:18:36.195" endtime="20230415 14:18:36.247"/>
</iter>
<iter>
<kw name="Evaluate" library="BuiltIn">
<var>${x}</var>
<arg>${x} + 1</arg>
<doc>Evaluates the given expression in Python and returns the result.</doc>
<msg timestamp="20230415 14:18:36.247" level="INFO">${x} = 90</msg>
<status status="PASS" starttime="20230415 14:18:36.247" endtime="20230415 14:18:36.247"/>
</kw>
<kw name="I Add A New ToDo &quot;My ToDo Number ${x}&quot;" sourcename="I Add A New ToDo &quot;${todo}&quot;">
<kw name="Fill Text" library="Browser">
<arg>.new-todo</arg>
<arg>${todo}</arg>
<tag>PageContent</tag>
<tag>Setter</tag>
<doc>Clears and fills the given ``txt`` into the text field found by ``selector``.</doc>
<msg timestamp="20230415 14:18:36.247" level="INFO">Fills the text 'My ToDo Number 90' in the given field.</msg>
<status status="PASS" starttime="20230415 14:18:36.247" endtime="20230415 14:18:36.303"/>
</kw>
<kw name="Press Keys" library="Browser">
<arg>.new-todo</arg>
<arg>Enter</arg>
<tag>PageContent</tag>
<tag>Setter</tag>
<doc>Types the given key combination into element found by ``selector``.</doc>
<status status="PASS" starttime="20230415 14:18:36.303" endtime="20230415 14:18:36.314"/>
</kw>
<status status="PASS" starttime="20230415 14:18:36.247" endtime="20230415 14:18:36.314"/>
</kw>
<status status="PASS" starttime="20230415 14:18:36.247" endtime="20230415 14:18:36.314"/>
</iter>
<iter>
<kw name="Evaluate" library="BuiltIn">
<var>${x}</var>
<arg>${x} + 1</arg>
<doc>Evaluates the given expression in Python and returns the result.</doc>
<msg timestamp="20230415 14:18:36.314" level="INFO">${x} = 91</msg>
<status status="PASS" starttime="20230415 14:18:36.314" endtime="20230415 14:18:36.314"/>
</kw>
<kw name="I Add A New ToDo &quot;My ToDo Number ${x}&quot;" sourcename="I Add A New ToDo &quot;${todo}&quot;">
<kw name="Fill Text" library="Browser">
<arg>.new-todo</arg>
<arg>${todo}</arg>
<tag>PageContent</tag>
<tag>Setter</tag>
<doc>Clears and fills the given ``txt`` into the text field found by ``selector``.</doc>
<msg timestamp="20230415 14:18:36.315" level="INFO">Fills the text 'My ToDo Number 91' in the given field.</msg>
<status status="PASS" starttime="20230415 14:18:36.315" endtime="20230415 14:18:36.359"/>
</kw>
<kw name="Press Keys" library="Browser">
<arg>.new-todo</arg>
<arg>Enter</arg>
<tag>PageContent</tag>
<tag>Setter</tag>
<doc>Types the given key combination into element found by ``selector``.</doc>
<status status="PASS" starttime="20230415 14:18:36.360" endtime="20230415 14:18:36.370"/>
</kw>
<status status="PASS" starttime="20230415 14:18:36.315" endtime="20230415 14:18:36.370"/>
</kw>
<status status="PASS" starttime="20230415 14:18:36.314" endtime="20230415 14:18:36.370"/>
</iter>
<iter>
<kw name="Evaluate" library="BuiltIn">
<var>${x}</var>
<arg>${x} + 1</arg>
<doc>Evaluates the given expression in Python and returns the result.</doc>
<msg timestamp="20230415 14:18:36.371" level="INFO">${x} = 92</msg>
<status status="PASS" starttime="20230415 14:18:36.371" endtime="20230415 14:18:36.371"/>
</kw>
<kw name="I Add A New ToDo &quot;My ToDo Number ${x}&quot;" sourcename="I Add A New ToDo &quot;${todo}&quot;">
<kw name="Fill Text" library="Browser">
<arg>.new-todo</arg>
<arg>${todo}</arg>
<tag>PageContent</tag>
<tag>Setter</tag>
<doc>Clears and fills the given ``txt`` into the text field found by ``selector``.</doc>
<msg timestamp="20230415 14:18:36.372" level="INFO">Fills the text 'My ToDo Number 92' in the given field.</msg>
<status status="PASS" starttime="20230415 14:18:36.371" endtime="20230415 14:18:36.417"/>
</kw>
<kw name="Press Keys" library="Browser">
<arg>.new-todo</arg>
<arg>Enter</arg>
<tag>PageContent</tag>
<tag>Setter</tag>
<doc>Types the given key combination into element found by ``selector``.</doc>
<status status="PASS" starttime="20230415 14:18:36.417" endtime="20230415 14:18:36.429"/>
</kw>
<status status="PASS" starttime="20230415 14:18:36.371" endtime="20230415 14:18:36.429"/>
</kw>
<status status="PASS" starttime="20230415 14:18:36.371" endtime="20230415 14:18:36.429"/>
</iter>
<iter>
<kw name="Evaluate" library="BuiltIn">
<var>${x}</var>
<arg>${x} + 1</arg>
<doc>Evaluates the given expression in Python and returns the result.</doc>
<msg timestamp="20230415 14:18:36.429" level="INFO">${x} = 93</msg>
<status status="PASS" starttime="20230415 14:18:36.429" endtime="20230415 14:18:36.429"/>
</kw>
<kw name="I Add A New ToDo &quot;My ToDo Number ${x}&quot;" sourcename="I Add A New ToDo &quot;${todo}&quot;">
<kw name="Fill Text" library="Browser">
<arg>.new-todo</arg>
<arg>${todo}</arg>
<tag>PageContent</tag>
<tag>Setter</tag>
<doc>Clears and fills the given ``txt`` into the text field found by ``selector``.</doc>
<msg timestamp="20230415 14:18:36.429" level="INFO">Fills the text 'My ToDo Number 93' in the given field.</msg>
<status status="PASS" starttime="20230415 14:18:36.429" endtime="20230415 14:18:36.475"/>
</kw>
<kw name="Press Keys" library="Browser">
<arg>.new-todo</arg>
<arg>Enter</arg>
<tag>PageContent</tag>
<tag>Setter</tag>
<doc>Types the given key combination into element found by ``selector``.</doc>
<status status="PASS" starttime="20230415 14:18:36.475" endtime="20230415 14:18:36.481"/>
</kw>
<status status="PASS" starttime="20230415 14:18:36.429" endtime="20230415 14:18:36.481"/>
</kw>
<status status="PASS" starttime="20230415 14:18:36.429" endtime="20230415 14:18:36.481"/>
</iter>
<iter>
<kw name="Evaluate" library="BuiltIn">
<var>${x}</var>
<arg>${x} + 1</arg>
<doc>Evaluates the given expression in Python and returns the result.</doc>
<msg timestamp="20230415 14:18:36.481" level="INFO">${x} = 94</msg>
<status status="PASS" starttime="20230415 14:18:36.481" endtime="20230415 14:18:36.481"/>
</kw>
<kw name="I Add A New ToDo &quot;My ToDo Number ${x}&quot;" sourcename="I Add A New ToDo &quot;${todo}&quot;">
<kw name="Fill Text" library="Browser">
<arg>.new-todo</arg>
<arg>${todo}</arg>
<tag>PageContent</tag>
<tag>Setter</tag>
<doc>Clears and fills the given ``txt`` into the text field found by ``selector``.</doc>
<msg timestamp="20230415 14:18:36.481" level="INFO">Fills the text 'My ToDo Number 94' in the given field.</msg>
<status status="PASS" starttime="20230415 14:18:36.481" endtime="20230415 14:18:36.535"/>
</kw>
<kw name="Press Keys" library="Browser">
<arg>.new-todo</arg>
<arg>Enter</arg>
<tag>PageContent</tag>
<tag>Setter</tag>
<doc>Types the given key combination into element found by ``selector``.</doc>
<status status="PASS" starttime="20230415 14:18:36.536" endtime="20230415 14:18:36.546"/>
</kw>
<status status="PASS" starttime="20230415 14:18:36.481" endtime="20230415 14:18:36.546"/>
</kw>
<status status="PASS" starttime="20230415 14:18:36.481" endtime="20230415 14:18:36.546"/>
</iter>
<iter>
<kw name="Evaluate" library="BuiltIn">
<var>${x}</var>
<arg>${x} + 1</arg>
<doc>Evaluates the given expression in Python and returns the result.</doc>
<msg timestamp="20230415 14:18:36.547" level="INFO">${x} = 95</msg>
<status status="PASS" starttime="20230415 14:18:36.546" endtime="20230415 14:18:36.547"/>
</kw>
<kw name="I Add A New ToDo &quot;My ToDo Number ${x}&quot;" sourcename="I Add A New ToDo &quot;${todo}&quot;">
<kw name="Fill Text" library="Browser">
<arg>.new-todo</arg>
<arg>${todo}</arg>
<tag>PageContent</tag>
<tag>Setter</tag>
<doc>Clears and fills the given ``txt`` into the text field found by ``selector``.</doc>
<msg timestamp="20230415 14:18:36.547" level="INFO">Fills the text 'My ToDo Number 95' in the given field.</msg>
<status status="PASS" starttime="20230415 14:18:36.547" endtime="20230415 14:18:36.596"/>
</kw>
<kw name="Press Keys" library="Browser">
<arg>.new-todo</arg>
<arg>Enter</arg>
<tag>PageContent</tag>
<tag>Setter</tag>
<doc>Types the given key combination into element found by ``selector``.</doc>
<status status="PASS" starttime="20230415 14:18:36.597" endtime="20230415 14:18:36.597"/>
</kw>
<status status="PASS" starttime="20230415 14:18:36.547" endtime="20230415 14:18:36.597"/>
</kw>
<status status="PASS" starttime="20230415 14:18:36.546" endtime="20230415 14:18:36.597"/>
</iter>
<iter>
<kw name="Evaluate" library="BuiltIn">
<var>${x}</var>
<arg>${x} + 1</arg>
<doc>Evaluates the given expression in Python and returns the result.</doc>
<msg timestamp="20230415 14:18:36.597" level="INFO">${x} = 96</msg>
<status status="PASS" starttime="20230415 14:18:36.597" endtime="20230415 14:18:36.597"/>
</kw>
<kw name="I Add A New ToDo &quot;My ToDo Number ${x}&quot;" sourcename="I Add A New ToDo &quot;${todo}&quot;">
<kw name="Fill Text" library="Browser">
<arg>.new-todo</arg>
<arg>${todo}</arg>
<tag>PageContent</tag>
<tag>Setter</tag>
<doc>Clears and fills the given ``txt`` into the text field found by ``selector``.</doc>
<msg timestamp="20230415 14:18:36.597" level="INFO">Fills the text 'My ToDo Number 96' in the given field.</msg>
<status status="PASS" starttime="20230415 14:18:36.597" endtime="20230415 14:18:36.655"/>
</kw>
<kw name="Press Keys" library="Browser">
<arg>.new-todo</arg>
<arg>Enter</arg>
<tag>PageContent</tag>
<tag>Setter</tag>
<doc>Types the given key combination into element found by ``selector``.</doc>
<status status="PASS" starttime="20230415 14:18:36.655" endtime="20230415 14:18:36.668"/>
</kw>
<status status="PASS" starttime="20230415 14:18:36.597" endtime="20230415 14:18:36.668"/>
</kw>
<status status="PASS" starttime="20230415 14:18:36.597" endtime="20230415 14:18:36.668"/>
</iter>
<iter>
<kw name="Evaluate" library="BuiltIn">
<var>${x}</var>
<arg>${x} + 1</arg>
<doc>Evaluates the given expression in Python and returns the result.</doc>
<msg timestamp="20230415 14:18:36.668" level="INFO">${x} = 97</msg>
<status status="PASS" starttime="20230415 14:18:36.668" endtime="20230415 14:18:36.668"/>
</kw>
<kw name="I Add A New ToDo &quot;My ToDo Number ${x}&quot;" sourcename="I Add A New ToDo &quot;${todo}&quot;">
<kw name="Fill Text" library="Browser">
<arg>.new-todo</arg>
<arg>${todo}</arg>
<tag>PageContent</tag>
<tag>Setter</tag>
<doc>Clears and fills the given ``txt`` into the text field found by ``selector``.</doc>
<msg timestamp="20230415 14:18:36.668" level="INFO">Fills the text 'My ToDo Number 97' in the given field.</msg>
<status status="PASS" starttime="20230415 14:18:36.668" endtime="20230415 14:18:36.713"/>
</kw>
<kw name="Press Keys" library="Browser">
<arg>.new-todo</arg>
<arg>Enter</arg>
<tag>PageContent</tag>
<tag>Setter</tag>
<doc>Types the given key combination into element found by ``selector``.</doc>
<status status="PASS" starttime="20230415 14:18:36.714" endtime="20230415 14:18:36.726"/>
</kw>
<status status="PASS" starttime="20230415 14:18:36.668" endtime="20230415 14:18:36.726"/>
</kw>
<status status="PASS" starttime="20230415 14:18:36.668" endtime="20230415 14:18:36.726"/>
</iter>
<iter>
<kw name="Evaluate" library="BuiltIn">
<var>${x}</var>
<arg>${x} + 1</arg>
<doc>Evaluates the given expression in Python and returns the result.</doc>
<msg timestamp="20230415 14:18:36.727" level="INFO">${x} = 98</msg>
<status status="PASS" starttime="20230415 14:18:36.726" endtime="20230415 14:18:36.727"/>
</kw>
<kw name="I Add A New ToDo &quot;My ToDo Number ${x}&quot;" sourcename="I Add A New ToDo &quot;${todo}&quot;">
<kw name="Fill Text" library="Browser">
<arg>.new-todo</arg>
<arg>${todo}</arg>
<tag>PageContent</tag>
<tag>Setter</tag>
<doc>Clears and fills the given ``txt`` into the text field found by ``selector``.</doc>
<msg timestamp="20230415 14:18:36.727" level="INFO">Fills the text 'My ToDo Number 98' in the given field.</msg>
<status status="PASS" starttime="20230415 14:18:36.727" endtime="20230415 14:18:36.775"/>
</kw>
<kw name="Press Keys" library="Browser">
<arg>.new-todo</arg>
<arg>Enter</arg>
<tag>PageContent</tag>
<tag>Setter</tag>
<doc>Types the given key combination into element found by ``selector``.</doc>
<status status="PASS" starttime="20230415 14:18:36.775" endtime="20230415 14:18:36.786"/>
</kw>
<status status="PASS" starttime="20230415 14:18:36.727" endtime="20230415 14:18:36.786"/>
</kw>
<status status="PASS" starttime="20230415 14:18:36.726" endtime="20230415 14:18:36.786"/>
</iter>
<iter>
<kw name="Evaluate" library="BuiltIn">
<var>${x}</var>
<arg>${x} + 1</arg>
<doc>Evaluates the given expression in Python and returns the result.</doc>
<msg timestamp="20230415 14:18:36.787" level="INFO">${x} = 99</msg>
<status status="PASS" starttime="20230415 14:18:36.787" endtime="20230415 14:18:36.787"/>
</kw>
<kw name="I Add A New ToDo &quot;My ToDo Number ${x}&quot;" sourcename="I Add A New ToDo &quot;${todo}&quot;">
<kw name="Fill Text" library="Browser">
<arg>.new-todo</arg>
<arg>${todo}</arg>
<tag>PageContent</tag>
<tag>Setter</tag>
<doc>Clears and fills the given ``txt`` into the text field found by ``selector``.</doc>
<msg timestamp="20230415 14:18:36.787" level="INFO">Fills the text 'My ToDo Number 99' in the given field.</msg>
<status status="PASS" starttime="20230415 14:18:36.787" endtime="20230415 14:18:36.835"/>
</kw>
<kw name="Press Keys" library="Browser">
<arg>.new-todo</arg>
<arg>Enter</arg>
<tag>PageContent</tag>
<tag>Setter</tag>
<doc>Types the given key combination into element found by ``selector``.</doc>
<status status="PASS" starttime="20230415 14:18:36.835" endtime="20230415 14:18:36.847"/>
</kw>
<status status="PASS" starttime="20230415 14:18:36.787" endtime="20230415 14:18:36.847"/>
</kw>
<status status="PASS" starttime="20230415 14:18:36.786" endtime="20230415 14:18:36.847"/>
</iter>
<iter>
<kw name="Evaluate" library="BuiltIn">
<var>${x}</var>
<arg>${x} + 1</arg>
<doc>Evaluates the given expression in Python and returns the result.</doc>
<msg timestamp="20230415 14:18:36.849" level="INFO">${x} = 100</msg>
<status status="PASS" starttime="20230415 14:18:36.849" endtime="20230415 14:18:36.849"/>
</kw>
<kw name="I Add A New ToDo &quot;My ToDo Number ${x}&quot;" sourcename="I Add A New ToDo &quot;${todo}&quot;">
<kw name="Fill Text" library="Browser">
<arg>.new-todo</arg>
<arg>${todo}</arg>
<tag>PageContent</tag>
<tag>Setter</tag>
<doc>Clears and fills the given ``txt`` into the text field found by ``selector``.</doc>
<msg timestamp="20230415 14:18:36.849" level="INFO">Fills the text 'My ToDo Number 100' in the given field.</msg>
<status status="PASS" starttime="20230415 14:18:36.849" endtime="20230415 14:18:36.868"/>
</kw>
<kw name="Press Keys" library="Browser">
<arg>.new-todo</arg>
<arg>Enter</arg>
<tag>PageContent</tag>
<tag>Setter</tag>
<doc>Types the given key combination into element found by ``selector``.</doc>
<status status="PASS" starttime="20230415 14:18:36.868" endtime="20230415 14:18:36.869"/>
</kw>
<status status="PASS" starttime="20230415 14:18:36.849" endtime="20230415 14:18:36.869"/>
</kw>
<status status="PASS" starttime="20230415 14:18:36.847" endtime="20230415 14:18:36.869"/>
</iter>
<status status="PASS" starttime="20230415 14:18:32.399" endtime="20230415 14:18:36.869"/>
</while>
<status status="PASS" starttime="20230415 14:18:32.398" endtime="20230415 14:18:36.869"/>
</kw>
<kw name="Then Open ToDos should show &quot;100 items left&quot;" sourcename="Open ToDos should show &quot;${text}&quot;">
<kw name="Get Text" library="Browser">
<arg>span.todo-count</arg>
<arg>==</arg>
<arg>${text}</arg>
<tag>Assertion</tag>
<tag>Getter</tag>
<tag>PageContent</tag>
<doc>Returns text attribute of the element found by ``selector``.</doc>
<msg timestamp="20230415 14:18:36.899" level="INFO">Text: '100 items left'</msg>
<status status="PASS" starttime="20230415 14:18:36.869" endtime="20230415 14:18:36.899"/>
</kw>
<status status="PASS" starttime="20230415 14:18:36.869" endtime="20230415 14:18:36.900"/>
</kw>
<kw name="Close Context" library="Browser" type="TEARDOWN">
<tag>BrowserControl</tag>
<tag>Setter</tag>
<doc>Closes a Context.</doc>
<msg timestamp="20230415 14:18:36.903" level="INFO">[
  {
    "type": "chromium",
    "id": "browser=6370f1cf-aa42-4f14-b641-f63afee5ec1a",
    "contexts": [
      {
        "type": "context",
        "id": "context=02e433c7-c45d-4b6b-ba65-40b249d3fb6e",
        "activePage": "page=b3b31ea7-e46d-42ec-870f-c80ce76bae83",
        "pages": [
          {
            "type": "page",
            "title": "React \u2022 TodoMVC",
            "url": "https://todomvc.com/examples/react/#/",
            "id": "page=b3b31ea7-e46d-42ec-870f-c80ce76bae83",
            "timestamp": 1681561111.602
          }
        ]
      }
    ],
    "activeContext": "context=02e433c7-c45d-4b6b-ba65-40b249d3fb6e",
    "activeBrowser": true
  }
]</msg>
<msg timestamp="20230415 14:18:36.903" level="INFO">Switching browser to CURRENT</msg>
<msg timestamp="20230415 14:18:36.904" level="INFO">Active context id</msg>
<msg timestamp="20230415 14:18:36.904" level="INFO">Switching browser to browser=6370f1cf-aa42-4f14-b641-f63afee5ec1a</msg>
<msg timestamp="20230415 14:18:36.905" level="INFO">Successfully changed active browser</msg>
<msg timestamp="20230415 14:18:36.905" level="INFO">Switching context to CURRENT in CURRENT</msg>
<msg timestamp="20230415 14:18:36.906" level="INFO">Returned active context id</msg>
<msg timestamp="20230415 14:18:36.906" level="INFO">Switching context to context=02e433c7-c45d-4b6b-ba65-40b249d3fb6e in CURRENT</msg>
<msg timestamp="20230415 14:18:36.909" level="INFO">[
  {
    "type": "chromium",
    "id": "browser=6370f1cf-aa42-4f14-b641-f63afee5ec1a",
    "contexts": [
      {
        "type": "context",
        "id": "context=02e433c7-c45d-4b6b-ba65-40b249d3fb6e",
        "activePage": "page=b3b31ea7-e46d-42ec-870f-c80ce76bae83",
        "pages": [
          {
            "type": "page",
            "title": "React \u2022 TodoMVC",
            "url": "https://todomvc.com/examples/react/#/",
            "id": "page=b3b31ea7-e46d-42ec-870f-c80ce76bae83",
            "timestamp": 1681561111.602
          }
        ]
      }
    ],
    "activeContext": "context=02e433c7-c45d-4b6b-ba65-40b249d3fb6e",
    "activeBrowser": true
  }
]</msg>
<msg timestamp="20230415 14:18:36.915" level="INFO">Successfully changed active context</msg>
<msg timestamp="20230415 14:18:36.959" level="INFO">Successfully closed Context</msg>
<status status="PASS" starttime="20230415 14:18:36.900" endtime="20230415 14:18:36.959"/>
</kw>
<status status="PASS" starttime="20230415 14:18:31.439" endtime="20230415 14:18:36.959"/>
</test>
<kw name="Close Browser" library="Browser" type="TEARDOWN">
<tag>BrowserControl</tag>
<tag>Setter</tag>
<doc>Closes the current browser.</doc>
<msg timestamp="20230415 14:18:37.103" level="INFO">Closed browser</msg>
<status status="PASS" starttime="20230415 14:18:36.967" endtime="20230415 14:18:37.103"/>
</kw>
<status status="FAIL" starttime="20230415 14:18:14.236" endtime="20230415 14:18:37.103"/>
</suite>
<statistics>
<total>
<stat pass="6" fail="1" skip="0">All Tests</stat>
</total>
<tag>
<stat pass="1" fail="1" skip="0">Add ToDo</stat>
<stat pass="1" fail="0" skip="0">Mark ToDo</stat>
</tag>
<suite>
<stat pass="6" fail="1" skip="0" id="s1" name="Test">Test</stat>
</suite>
</statistics>
<errors>
</errors>
</robot>
